  [4;36;1mSQL (0.1ms)[0m   [0;1mSET NAMES 'utf8'[0m
  [4;35;1mSQL (0.1ms)[0m   [0mSET SQL_AUTO_IS_NULL=0[0m
  [4;36;1mSQL (0.5ms)[0m   [0;1mCREATE DATABASE `git-blog_development` DEFAULT CHARACTER SET `utf8` COLLATE `utf8_general_ci`[0m
  [4;35;1mSQL (0.1ms)[0m   [0mSET NAMES 'utf8'[0m
  [4;36;1mSQL (0.1ms)[0m   [0;1mSET SQL_AUTO_IS_NULL=0[0m
  [4;35;1mSQL (0.5ms)[0m   [0mCREATE DATABASE `git-blog_production` DEFAULT CHARACTER SET `utf8` COLLATE `utf8_general_ci`[0m
  [4;36;1mSQL (0.1ms)[0m   [0;1mSET NAMES 'utf8'[0m
  [4;35;1mSQL (0.1ms)[0m   [0mSET SQL_AUTO_IS_NULL=0[0m
  [4;36;1mSQL (0.5ms)[0m   [0;1mCREATE DATABASE `git-blog_test` DEFAULT CHARACTER SET `utf8` COLLATE `utf8_general_ci`[0m
  [4;36;1mSQL (0.1ms)[0m   [0;1mSET NAMES 'utf8'[0m
  [4;35;1mSQL (0.1ms)[0m   [0mSET SQL_AUTO_IS_NULL=0[0m
  [4;36;1mSQL (0.3ms)[0m   [0;1mSHOW TABLES[0m
  [4;35;1mSQL (7.3ms)[0m   [0mCREATE TABLE `schema_migrations` (`version` varchar(255) NOT NULL) ENGINE=InnoDB[0m
  [4;36;1mSQL (5.6ms)[0m   [0;1mCREATE UNIQUE INDEX `unique_schema_migrations` ON `schema_migrations` (`version`)[0m
  [4;35;1mSQL (0.4ms)[0m   [0mSHOW TABLES[0m
  [4;36;1mSQL (0.3ms)[0m   [0;1mSELECT version FROM schema_migrations[0m
Migrating to CreateEntries (20090511160221)
  [4;35;1mSQL (2.0ms)[0m   [0mCREATE TABLE `entries` (`id` int(11) DEFAULT NULL auto_increment PRIMARY KEY, `title` varchar(255), `body` varchar(255), `excerpt` varchar(255), `author` varchar(255), `created_at` datetime, `updated_at` datetime) ENGINE=InnoDB[0m
  [4;36;1mSQL (7.3ms)[0m   [0;1mINSERT INTO schema_migrations (version) VALUES ('20090511160221')[0m
  [4;35;1mSQL (0.4ms)[0m   [0mSHOW TABLES[0m
  [4;36;1mSQL (0.2ms)[0m   [0;1mSELECT version FROM schema_migrations[0m
  [4;35;1mSQL (0.3ms)[0m   [0mSHOW TABLES[0m
  [4;36;1mSQL (1.8ms)[0m   [0;1mSHOW FIELDS FROM `entries`[0m
  [4;35;1mSQL (2.4ms)[0m   [0mdescribe `entries`[0m
  [4;36;1mSQL (0.4ms)[0m   [0;1mSHOW KEYS FROM `entries`[0m
  [4;36;1mSQL (0.1ms)[0m   [0;1mSET NAMES 'utf8'[0m
  [4;35;1mSQL (0.1ms)[0m   [0mSET SQL_AUTO_IS_NULL=0[0m


Processing EntriesController#index (for 127.0.0.1 at 2009-05-11 18:10:33) [GET]
  [4;36;1mSQL (0.1ms)[0m   [0;1mSET NAMES 'utf8'[0m
  [4;35;1mSQL (0.1ms)[0m   [0mSET SQL_AUTO_IS_NULL=0[0m


NameError (uninitialized constant EntriesController::Entries):
    /Users/ghadir/.gem/ruby/1.8/gems/activesupport-2.2.2/lib/active_support/dependencies.rb:102:in `const_missing'
    /app/controllers/entries_controller.rb:5:in `index'
    /usr/local/lib/ruby/gems/1.8/gems/actionpack-2.2.2/lib/action_controller/base.rb:1253:in `send'
    /usr/local/lib/ruby/gems/1.8/gems/actionpack-2.2.2/lib/action_controller/base.rb:1253:in `perform_action_without_filters'
    /usr/local/lib/ruby/gems/1.8/gems/actionpack-2.2.2/lib/action_controller/filters.rb:617:in `call_filters'
    /usr/local/lib/ruby/gems/1.8/gems/actionpack-2.2.2/lib/action_controller/filters.rb:610:in `perform_action_without_benchmark'
    /usr/local/lib/ruby/gems/1.8/gems/actionpack-2.2.2/lib/action_controller/benchmarking.rb:68:in `perform_action_without_rescue'
    /usr/local/lib/ruby/1.8/benchmark.rb:293:in `measure'
    /usr/local/lib/ruby/gems/1.8/gems/actionpack-2.2.2/lib/action_controller/benchmarking.rb:68:in `perform_action_without_rescue'
    /usr/local/lib/ruby/gems/1.8/gems/actionpack-2.2.2/lib/action_controller/rescue.rb:136:in `perform_action_without_caching'
    /usr/local/lib/ruby/gems/1.8/gems/actionpack-2.2.2/lib/action_controller/caching/sql_cache.rb:13:in `perform_action'
    /usr/local/lib/ruby/gems/1.8/gems/activerecord-2.2.2/lib/active_record/connection_adapters/abstract/query_cache.rb:34:in `cache'
    /usr/local/lib/ruby/gems/1.8/gems/activerecord-2.2.2/lib/active_record/query_cache.rb:8:in `cache'
    /usr/local/lib/ruby/gems/1.8/gems/actionpack-2.2.2/lib/action_controller/caching/sql_cache.rb:12:in `perform_action'
    /usr/local/lib/ruby/gems/1.8/gems/actionpack-2.2.2/lib/action_controller/base.rb:524:in `send'
    /usr/local/lib/ruby/gems/1.8/gems/actionpack-2.2.2/lib/action_controller/base.rb:524:in `process_without_filters'
    /usr/local/lib/ruby/gems/1.8/gems/actionpack-2.2.2/lib/action_controller/filters.rb:606:in `process_without_session_management_support'
    /usr/local/lib/ruby/gems/1.8/gems/actionpack-2.2.2/lib/action_controller/session_management.rb:134:in `process'
    /usr/local/lib/ruby/gems/1.8/gems/actionpack-2.2.2/lib/action_controller/base.rb:392:in `process'
    /usr/local/lib/ruby/gems/1.8/gems/actionpack-2.2.2/lib/action_controller/dispatcher.rb:183:in `handle_request'
    /usr/local/lib/ruby/gems/1.8/gems/actionpack-2.2.2/lib/action_controller/dispatcher.rb:110:in `dispatch_unlocked'
    /usr/local/lib/ruby/gems/1.8/gems/actionpack-2.2.2/lib/action_controller/dispatcher.rb:123:in `dispatch'
    /usr/local/lib/ruby/gems/1.8/gems/actionpack-2.2.2/lib/action_controller/dispatcher.rb:122:in `synchronize'
    /usr/local/lib/ruby/gems/1.8/gems/actionpack-2.2.2/lib/action_controller/dispatcher.rb:122:in `dispatch'
    /usr/local/lib/ruby/gems/1.8/gems/actionpack-2.2.2/lib/action_controller/dispatcher.rb:132:in `dispatch_cgi'
    /usr/local/lib/ruby/gems/1.8/gems/actionpack-2.2.2/lib/action_controller/dispatcher.rb:39:in `dispatch'
    /usr/local/lib/ruby/gems/1.8/gems/mongrel-1.1.3/bin/../lib/mongrel/rails.rb:76:in `process'
    /usr/local/lib/ruby/gems/1.8/gems/mongrel-1.1.3/bin/../lib/mongrel/rails.rb:74:in `synchronize'
    /usr/local/lib/ruby/gems/1.8/gems/mongrel-1.1.3/bin/../lib/mongrel/rails.rb:74:in `process'
    /usr/local/lib/ruby/gems/1.8/gems/mongrel-1.1.3/lib/mongrel.rb:159:in `process_client'
    /usr/local/lib/ruby/gems/1.8/gems/mongrel-1.1.3/lib/mongrel.rb:158:in `each'
    /usr/local/lib/ruby/gems/1.8/gems/mongrel-1.1.3/lib/mongrel.rb:158:in `process_client'
    /usr/local/lib/ruby/gems/1.8/gems/mongrel-1.1.3/lib/mongrel.rb:285:in `run'
    /usr/local/lib/ruby/gems/1.8/gems/mongrel-1.1.3/lib/mongrel.rb:285:in `initialize'
    /usr/local/lib/ruby/gems/1.8/gems/mongrel-1.1.3/lib/mongrel.rb:285:in `new'
    /usr/local/lib/ruby/gems/1.8/gems/mongrel-1.1.3/lib/mongrel.rb:285:in `run'
    /usr/local/lib/ruby/gems/1.8/gems/mongrel-1.1.3/lib/mongrel.rb:268:in `initialize'
    /usr/local/lib/ruby/gems/1.8/gems/mongrel-1.1.3/lib/mongrel.rb:268:in `new'
    /usr/local/lib/ruby/gems/1.8/gems/mongrel-1.1.3/lib/mongrel.rb:268:in `run'
    /usr/local/lib/ruby/gems/1.8/gems/mongrel-1.1.3/lib/mongrel/configurator.rb:282:in `run'
    /usr/local/lib/ruby/gems/1.8/gems/mongrel-1.1.3/lib/mongrel/configurator.rb:281:in `each'
    /usr/local/lib/ruby/gems/1.8/gems/mongrel-1.1.3/lib/mongrel/configurator.rb:281:in `run'
    /usr/local/lib/ruby/gems/1.8/gems/mongrel-1.1.3/bin/mongrel_rails:128:in `run'
    /usr/local/lib/ruby/gems/1.8/gems/mongrel-1.1.3/lib/mongrel/command.rb:212:in `run'
    /usr/local/lib/ruby/gems/1.8/gems/mongrel-1.1.3/bin/mongrel_rails:281
    /Users/ghadir/.gem/ruby/1.8/gems/activesupport-2.2.2/lib/active_support/dependencies.rb:142:in `load_without_new_constant_marking'
    /Users/ghadir/.gem/ruby/1.8/gems/activesupport-2.2.2/lib/active_support/dependencies.rb:142:in `load'
    /Users/ghadir/.gem/ruby/1.8/gems/activesupport-2.2.2/lib/active_support/dependencies.rb:521:in `new_constants_in'
    /Users/ghadir/.gem/ruby/1.8/gems/activesupport-2.2.2/lib/active_support/dependencies.rb:142:in `load'
    /usr/local/lib/ruby/gems/1.8/gems/rails-2.2.2/lib/commands/servers/mongrel.rb:64
    /usr/local/lib/ruby/site_ruby/1.8/rubygems/custom_require.rb:31:in `gem_original_require'
    /usr/local/lib/ruby/site_ruby/1.8/rubygems/custom_require.rb:31:in `require'
    /Users/ghadir/.gem/ruby/1.8/gems/activesupport-2.2.2/lib/active_support/dependencies.rb:153:in `require'
    /Users/ghadir/.gem/ruby/1.8/gems/activesupport-2.2.2/lib/active_support/dependencies.rb:521:in `new_constants_in'
    /Users/ghadir/.gem/ruby/1.8/gems/activesupport-2.2.2/lib/active_support/dependencies.rb:153:in `require'
    /usr/local/lib/ruby/gems/1.8/gems/rails-2.2.2/lib/commands/server.rb:49
    /usr/local/lib/ruby/site_ruby/1.8/rubygems/custom_require.rb:31:in `gem_original_require'
    /usr/local/lib/ruby/site_ruby/1.8/rubygems/custom_require.rb:31:in `require'
    script/server:3

Rendered /usr/local/lib/ruby/gems/1.8/gems/actionpack-2.2.2/lib/action_controller/templates/rescues/_trace (28.8ms)
Rendered /usr/local/lib/ruby/gems/1.8/gems/actionpack-2.2.2/lib/action_controller/templates/rescues/_request_and_response (0.9ms)
Rendering /usr/local/lib/ruby/gems/1.8/gems/actionpack-2.2.2/lib/action_controller/templates/rescues/layout.erb (internal_server_error)


Processing ApplicationController#index (for 127.0.0.1 at 2009-05-11 18:10:42) [GET]


NoMethodError (undefined method `except' for "entries":String):
    /usr/local/lib/ruby/gems/1.8/gems/actionpack-2.2.2/lib/action_controller/routing/builder.rb:56:in `divide_route_options'
    /usr/local/lib/ruby/gems/1.8/gems/actionpack-2.2.2/lib/action_controller/routing/builder.rb:163:in `build'
    /usr/local/lib/ruby/gems/1.8/gems/actionpack-2.2.2/lib/action_controller/routing/route_set.rb:263:in `add_route'
    /usr/local/lib/ruby/gems/1.8/gems/actionpack-2.2.2/lib/action_controller/routing/route_set.rb:271:in `add_named_route'
    /usr/local/lib/ruby/gems/1.8/gems/actionpack-2.2.2/lib/action_controller/routing/route_set.rb:31:in `named_route'
    /usr/local/lib/ruby/gems/1.8/gems/actionpack-2.2.2/lib/action_controller/routing/route_set.rb:27:in `root'
    /config/routes.rb:4
    /usr/local/lib/ruby/gems/1.8/gems/actionpack-2.2.2/lib/action_controller/routing/route_set.rb:210:in `draw'
    /config/routes.rb:1
    /Users/ghadir/.gem/ruby/1.8/gems/activesupport-2.2.2/lib/active_support/dependencies.rb:142:in `load_without_new_constant_marking'
    /Users/ghadir/.gem/ruby/1.8/gems/activesupport-2.2.2/lib/active_support/dependencies.rb:142:in `load'
    /Users/ghadir/.gem/ruby/1.8/gems/activesupport-2.2.2/lib/active_support/dependencies.rb:521:in `new_constants_in'
    /Users/ghadir/.gem/ruby/1.8/gems/activesupport-2.2.2/lib/active_support/dependencies.rb:142:in `load'
    /usr/local/lib/ruby/gems/1.8/gems/actionpack-2.2.2/lib/action_controller/routing/route_set.rb:255:in `load_routes!'
    /usr/local/lib/ruby/gems/1.8/gems/actionpack-2.2.2/lib/action_controller/routing/route_set.rb:236:in `load!'
    /usr/local/lib/ruby/gems/1.8/gems/actionpack-2.2.2/lib/action_controller/routing/route_set.rb:250:in `reload'
    /usr/local/lib/ruby/gems/1.8/gems/actionpack-2.2.2/lib/action_controller/dispatcher.rb:148:in `reload_application'
    /Users/ghadir/.gem/ruby/1.8/gems/activesupport-2.2.2/lib/active_support/callbacks.rb:178:in `send'
    /Users/ghadir/.gem/ruby/1.8/gems/activesupport-2.2.2/lib/active_support/callbacks.rb:178:in `evaluate_method'
    /Users/ghadir/.gem/ruby/1.8/gems/activesupport-2.2.2/lib/active_support/callbacks.rb:166:in `call'
    /Users/ghadir/.gem/ruby/1.8/gems/activesupport-2.2.2/lib/active_support/callbacks.rb:90:in `run'
    /Users/ghadir/.gem/ruby/1.8/gems/activesupport-2.2.2/lib/active_support/callbacks.rb:90:in `each'
    /Users/ghadir/.gem/ruby/1.8/gems/activesupport-2.2.2/lib/active_support/callbacks.rb:90:in `send'
    /Users/ghadir/.gem/ruby/1.8/gems/activesupport-2.2.2/lib/active_support/callbacks.rb:90:in `run'
    /Users/ghadir/.gem/ruby/1.8/gems/activesupport-2.2.2/lib/active_support/callbacks.rb:277:in `run_callbacks'
    /usr/local/lib/ruby/gems/1.8/gems/actionpack-2.2.2/lib/action_controller/dispatcher.rb:109:in `dispatch_unlocked'
    /usr/local/lib/ruby/gems/1.8/gems/actionpack-2.2.2/lib/action_controller/dispatcher.rb:123:in `dispatch'
    /usr/local/lib/ruby/gems/1.8/gems/actionpack-2.2.2/lib/action_controller/dispatcher.rb:122:in `synchronize'
    /usr/local/lib/ruby/gems/1.8/gems/actionpack-2.2.2/lib/action_controller/dispatcher.rb:122:in `dispatch'
    /usr/local/lib/ruby/gems/1.8/gems/actionpack-2.2.2/lib/action_controller/dispatcher.rb:132:in `dispatch_cgi'
    /usr/local/lib/ruby/gems/1.8/gems/actionpack-2.2.2/lib/action_controller/dispatcher.rb:39:in `dispatch'
    /usr/local/lib/ruby/gems/1.8/gems/mongrel-1.1.3/bin/../lib/mongrel/rails.rb:76:in `process'
    /usr/local/lib/ruby/gems/1.8/gems/mongrel-1.1.3/bin/../lib/mongrel/rails.rb:74:in `synchronize'
    /usr/local/lib/ruby/gems/1.8/gems/mongrel-1.1.3/bin/../lib/mongrel/rails.rb:74:in `process'
    /usr/local/lib/ruby/gems/1.8/gems/mongrel-1.1.3/lib/mongrel.rb:159:in `process_client'
    /usr/local/lib/ruby/gems/1.8/gems/mongrel-1.1.3/lib/mongrel.rb:158:in `each'
    /usr/local/lib/ruby/gems/1.8/gems/mongrel-1.1.3/lib/mongrel.rb:158:in `process_client'
    /usr/local/lib/ruby/gems/1.8/gems/mongrel-1.1.3/lib/mongrel.rb:285:in `run'
    /usr/local/lib/ruby/gems/1.8/gems/mongrel-1.1.3/lib/mongrel.rb:285:in `initialize'
    /usr/local/lib/ruby/gems/1.8/gems/mongrel-1.1.3/lib/mongrel.rb:285:in `new'
    /usr/local/lib/ruby/gems/1.8/gems/mongrel-1.1.3/lib/mongrel.rb:285:in `run'
    /usr/local/lib/ruby/gems/1.8/gems/mongrel-1.1.3/lib/mongrel.rb:268:in `initialize'
    /usr/local/lib/ruby/gems/1.8/gems/mongrel-1.1.3/lib/mongrel.rb:268:in `new'
    /usr/local/lib/ruby/gems/1.8/gems/mongrel-1.1.3/lib/mongrel.rb:268:in `run'
    /usr/local/lib/ruby/gems/1.8/gems/mongrel-1.1.3/lib/mongrel/configurator.rb:282:in `run'
    /usr/local/lib/ruby/gems/1.8/gems/mongrel-1.1.3/lib/mongrel/configurator.rb:281:in `each'
    /usr/local/lib/ruby/gems/1.8/gems/mongrel-1.1.3/lib/mongrel/configurator.rb:281:in `run'
    /usr/local/lib/ruby/gems/1.8/gems/mongrel-1.1.3/bin/mongrel_rails:128:in `run'
    /usr/local/lib/ruby/gems/1.8/gems/mongrel-1.1.3/lib/mongrel/command.rb:212:in `run'
    /usr/local/lib/ruby/gems/1.8/gems/mongrel-1.1.3/bin/mongrel_rails:281
    /Users/ghadir/.gem/ruby/1.8/gems/activesupport-2.2.2/lib/active_support/dependencies.rb:142:in `load_without_new_constant_marking'
    /Users/ghadir/.gem/ruby/1.8/gems/activesupport-2.2.2/lib/active_support/dependencies.rb:142:in `load'
    /Users/ghadir/.gem/ruby/1.8/gems/activesupport-2.2.2/lib/active_support/dependencies.rb:521:in `new_constants_in'
    /Users/ghadir/.gem/ruby/1.8/gems/activesupport-2.2.2/lib/active_support/dependencies.rb:142:in `load'
    /usr/local/lib/ruby/gems/1.8/gems/rails-2.2.2/lib/commands/servers/mongrel.rb:64
    /usr/local/lib/ruby/site_ruby/1.8/rubygems/custom_require.rb:31:in `gem_original_require'
    /usr/local/lib/ruby/site_ruby/1.8/rubygems/custom_require.rb:31:in `require'
    /Users/ghadir/.gem/ruby/1.8/gems/activesupport-2.2.2/lib/active_support/dependencies.rb:153:in `require'
    /Users/ghadir/.gem/ruby/1.8/gems/activesupport-2.2.2/lib/active_support/dependencies.rb:521:in `new_constants_in'
    /Users/ghadir/.gem/ruby/1.8/gems/activesupport-2.2.2/lib/active_support/dependencies.rb:153:in `require'
    /usr/local/lib/ruby/gems/1.8/gems/rails-2.2.2/lib/commands/server.rb:49
    /usr/local/lib/ruby/site_ruby/1.8/rubygems/custom_require.rb:31:in `gem_original_require'
    /usr/local/lib/ruby/site_ruby/1.8/rubygems/custom_require.rb:31:in `require'
    script/server:3

Rendered /usr/local/lib/ruby/gems/1.8/gems/actionpack-2.2.2/lib/action_controller/templates/rescues/_trace (85.5ms)
Rendered /usr/local/lib/ruby/gems/1.8/gems/actionpack-2.2.2/lib/action_controller/templates/rescues/_request_and_response (0.6ms)
Rendering /usr/local/lib/ruby/gems/1.8/gems/actionpack-2.2.2/lib/action_controller/templates/rescues/layout.erb (internal_server_error)


Processing EntriesController#index (for 127.0.0.1 at 2009-05-11 18:11:44) [GET]
  [4;36;1mSQL (0.1ms)[0m   [0;1mSET NAMES 'utf8'[0m
  [4;35;1mSQL (0.1ms)[0m   [0mSET SQL_AUTO_IS_NULL=0[0m


NameError (uninitialized constant EntriesController::Entries):
    /Users/ghadir/.gem/ruby/1.8/gems/activesupport-2.2.2/lib/active_support/dependencies.rb:102:in `const_missing'
    /app/controllers/entries_controller.rb:5:in `index'
    /usr/local/lib/ruby/gems/1.8/gems/actionpack-2.2.2/lib/action_controller/base.rb:1253:in `send'
    /usr/local/lib/ruby/gems/1.8/gems/actionpack-2.2.2/lib/action_controller/base.rb:1253:in `perform_action_without_filters'
    /usr/local/lib/ruby/gems/1.8/gems/actionpack-2.2.2/lib/action_controller/filters.rb:617:in `call_filters'
    /usr/local/lib/ruby/gems/1.8/gems/actionpack-2.2.2/lib/action_controller/filters.rb:610:in `perform_action_without_benchmark'
    /usr/local/lib/ruby/gems/1.8/gems/actionpack-2.2.2/lib/action_controller/benchmarking.rb:68:in `perform_action_without_rescue'
    /usr/local/lib/ruby/1.8/benchmark.rb:293:in `measure'
    /usr/local/lib/ruby/gems/1.8/gems/actionpack-2.2.2/lib/action_controller/benchmarking.rb:68:in `perform_action_without_rescue'
    /usr/local/lib/ruby/gems/1.8/gems/actionpack-2.2.2/lib/action_controller/rescue.rb:136:in `perform_action_without_caching'
    /usr/local/lib/ruby/gems/1.8/gems/actionpack-2.2.2/lib/action_controller/caching/sql_cache.rb:13:in `perform_action'
    /usr/local/lib/ruby/gems/1.8/gems/activerecord-2.2.2/lib/active_record/connection_adapters/abstract/query_cache.rb:34:in `cache'
    /usr/local/lib/ruby/gems/1.8/gems/activerecord-2.2.2/lib/active_record/query_cache.rb:8:in `cache'
    /usr/local/lib/ruby/gems/1.8/gems/actionpack-2.2.2/lib/action_controller/caching/sql_cache.rb:12:in `perform_action'
    /usr/local/lib/ruby/gems/1.8/gems/actionpack-2.2.2/lib/action_controller/base.rb:524:in `send'
    /usr/local/lib/ruby/gems/1.8/gems/actionpack-2.2.2/lib/action_controller/base.rb:524:in `process_without_filters'
    /usr/local/lib/ruby/gems/1.8/gems/actionpack-2.2.2/lib/action_controller/filters.rb:606:in `process_without_session_management_support'
    /usr/local/lib/ruby/gems/1.8/gems/actionpack-2.2.2/lib/action_controller/session_management.rb:134:in `process'
    /usr/local/lib/ruby/gems/1.8/gems/actionpack-2.2.2/lib/action_controller/base.rb:392:in `process'
    /usr/local/lib/ruby/gems/1.8/gems/actionpack-2.2.2/lib/action_controller/dispatcher.rb:183:in `handle_request'
    /usr/local/lib/ruby/gems/1.8/gems/actionpack-2.2.2/lib/action_controller/dispatcher.rb:110:in `dispatch_unlocked'
    /usr/local/lib/ruby/gems/1.8/gems/actionpack-2.2.2/lib/action_controller/dispatcher.rb:123:in `dispatch'
    /usr/local/lib/ruby/gems/1.8/gems/actionpack-2.2.2/lib/action_controller/dispatcher.rb:122:in `synchronize'
    /usr/local/lib/ruby/gems/1.8/gems/actionpack-2.2.2/lib/action_controller/dispatcher.rb:122:in `dispatch'
    /usr/local/lib/ruby/gems/1.8/gems/actionpack-2.2.2/lib/action_controller/dispatcher.rb:132:in `dispatch_cgi'
    /usr/local/lib/ruby/gems/1.8/gems/actionpack-2.2.2/lib/action_controller/dispatcher.rb:39:in `dispatch'
    /usr/local/lib/ruby/gems/1.8/gems/mongrel-1.1.3/bin/../lib/mongrel/rails.rb:76:in `process'
    /usr/local/lib/ruby/gems/1.8/gems/mongrel-1.1.3/bin/../lib/mongrel/rails.rb:74:in `synchronize'
    /usr/local/lib/ruby/gems/1.8/gems/mongrel-1.1.3/bin/../lib/mongrel/rails.rb:74:in `process'
    /usr/local/lib/ruby/gems/1.8/gems/mongrel-1.1.3/lib/mongrel.rb:159:in `process_client'
    /usr/local/lib/ruby/gems/1.8/gems/mongrel-1.1.3/lib/mongrel.rb:158:in `each'
    /usr/local/lib/ruby/gems/1.8/gems/mongrel-1.1.3/lib/mongrel.rb:158:in `process_client'
    /usr/local/lib/ruby/gems/1.8/gems/mongrel-1.1.3/lib/mongrel.rb:285:in `run'
    /usr/local/lib/ruby/gems/1.8/gems/mongrel-1.1.3/lib/mongrel.rb:285:in `initialize'
    /usr/local/lib/ruby/gems/1.8/gems/mongrel-1.1.3/lib/mongrel.rb:285:in `new'
    /usr/local/lib/ruby/gems/1.8/gems/mongrel-1.1.3/lib/mongrel.rb:285:in `run'
    /usr/local/lib/ruby/gems/1.8/gems/mongrel-1.1.3/lib/mongrel.rb:268:in `initialize'
    /usr/local/lib/ruby/gems/1.8/gems/mongrel-1.1.3/lib/mongrel.rb:268:in `new'
    /usr/local/lib/ruby/gems/1.8/gems/mongrel-1.1.3/lib/mongrel.rb:268:in `run'
    /usr/local/lib/ruby/gems/1.8/gems/mongrel-1.1.3/lib/mongrel/configurator.rb:282:in `run'
    /usr/local/lib/ruby/gems/1.8/gems/mongrel-1.1.3/lib/mongrel/configurator.rb:281:in `each'
    /usr/local/lib/ruby/gems/1.8/gems/mongrel-1.1.3/lib/mongrel/configurator.rb:281:in `run'
    /usr/local/lib/ruby/gems/1.8/gems/mongrel-1.1.3/bin/mongrel_rails:128:in `run'
    /usr/local/lib/ruby/gems/1.8/gems/mongrel-1.1.3/lib/mongrel/command.rb:212:in `run'
    /usr/local/lib/ruby/gems/1.8/gems/mongrel-1.1.3/bin/mongrel_rails:281
    /Users/ghadir/.gem/ruby/1.8/gems/activesupport-2.2.2/lib/active_support/dependencies.rb:142:in `load_without_new_constant_marking'
    /Users/ghadir/.gem/ruby/1.8/gems/activesupport-2.2.2/lib/active_support/dependencies.rb:142:in `load'
    /Users/ghadir/.gem/ruby/1.8/gems/activesupport-2.2.2/lib/active_support/dependencies.rb:521:in `new_constants_in'
    /Users/ghadir/.gem/ruby/1.8/gems/activesupport-2.2.2/lib/active_support/dependencies.rb:142:in `load'
    /usr/local/lib/ruby/gems/1.8/gems/rails-2.2.2/lib/commands/servers/mongrel.rb:64
    /usr/local/lib/ruby/site_ruby/1.8/rubygems/custom_require.rb:31:in `gem_original_require'
    /usr/local/lib/ruby/site_ruby/1.8/rubygems/custom_require.rb:31:in `require'
    /Users/ghadir/.gem/ruby/1.8/gems/activesupport-2.2.2/lib/active_support/dependencies.rb:153:in `require'
    /Users/ghadir/.gem/ruby/1.8/gems/activesupport-2.2.2/lib/active_support/dependencies.rb:521:in `new_constants_in'
    /Users/ghadir/.gem/ruby/1.8/gems/activesupport-2.2.2/lib/active_support/dependencies.rb:153:in `require'
    /usr/local/lib/ruby/gems/1.8/gems/rails-2.2.2/lib/commands/server.rb:49
    /usr/local/lib/ruby/site_ruby/1.8/rubygems/custom_require.rb:31:in `gem_original_require'
    /usr/local/lib/ruby/site_ruby/1.8/rubygems/custom_require.rb:31:in `require'
    script/server:3

Rendered /usr/local/lib/ruby/gems/1.8/gems/actionpack-2.2.2/lib/action_controller/templates/rescues/_trace (26.4ms)
Rendered /usr/local/lib/ruby/gems/1.8/gems/actionpack-2.2.2/lib/action_controller/templates/rescues/_request_and_response (0.6ms)
Rendering /usr/local/lib/ruby/gems/1.8/gems/actionpack-2.2.2/lib/action_controller/templates/rescues/layout.erb (internal_server_error)


Processing ApplicationController#index (for 127.0.0.1 at 2009-05-11 18:11:52) [GET]


NoMethodError (undefined method `camelize' for :entries:Symbol):
    /usr/local/lib/ruby/gems/1.8/gems/actionpack-2.2.2/lib/action_controller/routing/route_set.rb:388:in `recognize'
    /usr/local/lib/ruby/gems/1.8/gems/actionpack-2.2.2/lib/action_controller/dispatcher.rb:182:in `handle_request'
    /usr/local/lib/ruby/gems/1.8/gems/actionpack-2.2.2/lib/action_controller/dispatcher.rb:110:in `dispatch_unlocked'
    /usr/local/lib/ruby/gems/1.8/gems/actionpack-2.2.2/lib/action_controller/dispatcher.rb:123:in `dispatch'
    /usr/local/lib/ruby/gems/1.8/gems/actionpack-2.2.2/lib/action_controller/dispatcher.rb:122:in `synchronize'
    /usr/local/lib/ruby/gems/1.8/gems/actionpack-2.2.2/lib/action_controller/dispatcher.rb:122:in `dispatch'
    /usr/local/lib/ruby/gems/1.8/gems/actionpack-2.2.2/lib/action_controller/dispatcher.rb:132:in `dispatch_cgi'
    /usr/local/lib/ruby/gems/1.8/gems/actionpack-2.2.2/lib/action_controller/dispatcher.rb:39:in `dispatch'
    /usr/local/lib/ruby/gems/1.8/gems/mongrel-1.1.3/bin/../lib/mongrel/rails.rb:76:in `process'
    /usr/local/lib/ruby/gems/1.8/gems/mongrel-1.1.3/bin/../lib/mongrel/rails.rb:74:in `synchronize'
    /usr/local/lib/ruby/gems/1.8/gems/mongrel-1.1.3/bin/../lib/mongrel/rails.rb:74:in `process'
    /usr/local/lib/ruby/gems/1.8/gems/mongrel-1.1.3/lib/mongrel.rb:159:in `process_client'
    /usr/local/lib/ruby/gems/1.8/gems/mongrel-1.1.3/lib/mongrel.rb:158:in `each'
    /usr/local/lib/ruby/gems/1.8/gems/mongrel-1.1.3/lib/mongrel.rb:158:in `process_client'
    /usr/local/lib/ruby/gems/1.8/gems/mongrel-1.1.3/lib/mongrel.rb:285:in `run'
    /usr/local/lib/ruby/gems/1.8/gems/mongrel-1.1.3/lib/mongrel.rb:285:in `initialize'
    /usr/local/lib/ruby/gems/1.8/gems/mongrel-1.1.3/lib/mongrel.rb:285:in `new'
    /usr/local/lib/ruby/gems/1.8/gems/mongrel-1.1.3/lib/mongrel.rb:285:in `run'
    /usr/local/lib/ruby/gems/1.8/gems/mongrel-1.1.3/lib/mongrel.rb:268:in `initialize'
    /usr/local/lib/ruby/gems/1.8/gems/mongrel-1.1.3/lib/mongrel.rb:268:in `new'
    /usr/local/lib/ruby/gems/1.8/gems/mongrel-1.1.3/lib/mongrel.rb:268:in `run'
    /usr/local/lib/ruby/gems/1.8/gems/mongrel-1.1.3/lib/mongrel/configurator.rb:282:in `run'
    /usr/local/lib/ruby/gems/1.8/gems/mongrel-1.1.3/lib/mongrel/configurator.rb:281:in `each'
    /usr/local/lib/ruby/gems/1.8/gems/mongrel-1.1.3/lib/mongrel/configurator.rb:281:in `run'
    /usr/local/lib/ruby/gems/1.8/gems/mongrel-1.1.3/bin/mongrel_rails:128:in `run'
    /usr/local/lib/ruby/gems/1.8/gems/mongrel-1.1.3/lib/mongrel/command.rb:212:in `run'
    /usr/local/lib/ruby/gems/1.8/gems/mongrel-1.1.3/bin/mongrel_rails:281
    /Users/ghadir/.gem/ruby/1.8/gems/activesupport-2.2.2/lib/active_support/dependencies.rb:142:in `load_without_new_constant_marking'
    /Users/ghadir/.gem/ruby/1.8/gems/activesupport-2.2.2/lib/active_support/dependencies.rb:142:in `load'
    /Users/ghadir/.gem/ruby/1.8/gems/activesupport-2.2.2/lib/active_support/dependencies.rb:521:in `new_constants_in'
    /Users/ghadir/.gem/ruby/1.8/gems/activesupport-2.2.2/lib/active_support/dependencies.rb:142:in `load'
    /usr/local/lib/ruby/gems/1.8/gems/rails-2.2.2/lib/commands/servers/mongrel.rb:64
    /usr/local/lib/ruby/site_ruby/1.8/rubygems/custom_require.rb:31:in `gem_original_require'
    /usr/local/lib/ruby/site_ruby/1.8/rubygems/custom_require.rb:31:in `require'
    /Users/ghadir/.gem/ruby/1.8/gems/activesupport-2.2.2/lib/active_support/dependencies.rb:153:in `require'
    /Users/ghadir/.gem/ruby/1.8/gems/activesupport-2.2.2/lib/active_support/dependencies.rb:521:in `new_constants_in'
    /Users/ghadir/.gem/ruby/1.8/gems/activesupport-2.2.2/lib/active_support/dependencies.rb:153:in `require'
    /usr/local/lib/ruby/gems/1.8/gems/rails-2.2.2/lib/commands/server.rb:49
    /usr/local/lib/ruby/site_ruby/1.8/rubygems/custom_require.rb:31:in `gem_original_require'
    /usr/local/lib/ruby/site_ruby/1.8/rubygems/custom_require.rb:31:in `require'
    script/server:3

/!\ FAILSAFE /!\  Mon May 11 18:11:52 +0200 2009
  Status: 500 Internal Server Error
  undefined method `camelize' for :entries:Symbol
    /usr/local/lib/ruby/gems/1.8/gems/actionpack-2.2.2/lib/action_controller/routing/route_set.rb:388:in `recognize'
    /usr/local/lib/ruby/gems/1.8/gems/actionpack-2.2.2/lib/action_controller/dispatcher.rb:182:in `handle_request'
    /usr/local/lib/ruby/gems/1.8/gems/actionpack-2.2.2/lib/action_controller/dispatcher.rb:110:in `dispatch_unlocked'
    /usr/local/lib/ruby/gems/1.8/gems/actionpack-2.2.2/lib/action_controller/dispatcher.rb:123:in `dispatch'
    /usr/local/lib/ruby/gems/1.8/gems/actionpack-2.2.2/lib/action_controller/dispatcher.rb:122:in `synchronize'
    /usr/local/lib/ruby/gems/1.8/gems/actionpack-2.2.2/lib/action_controller/dispatcher.rb:122:in `dispatch'
    /usr/local/lib/ruby/gems/1.8/gems/actionpack-2.2.2/lib/action_controller/dispatcher.rb:132:in `dispatch_cgi'
    /usr/local/lib/ruby/gems/1.8/gems/actionpack-2.2.2/lib/action_controller/dispatcher.rb:39:in `dispatch'
    /usr/local/lib/ruby/gems/1.8/gems/mongrel-1.1.3/bin/../lib/mongrel/rails.rb:76:in `process'
    /usr/local/lib/ruby/gems/1.8/gems/mongrel-1.1.3/bin/../lib/mongrel/rails.rb:74:in `synchronize'
    /usr/local/lib/ruby/gems/1.8/gems/mongrel-1.1.3/bin/../lib/mongrel/rails.rb:74:in `process'
    /usr/local/lib/ruby/gems/1.8/gems/mongrel-1.1.3/lib/mongrel.rb:159:in `process_client'
    /usr/local/lib/ruby/gems/1.8/gems/mongrel-1.1.3/lib/mongrel.rb:158:in `each'
    /usr/local/lib/ruby/gems/1.8/gems/mongrel-1.1.3/lib/mongrel.rb:158:in `process_client'
    /usr/local/lib/ruby/gems/1.8/gems/mongrel-1.1.3/lib/mongrel.rb:285:in `run'
    /usr/local/lib/ruby/gems/1.8/gems/mongrel-1.1.3/lib/mongrel.rb:285:in `initialize'
    /usr/local/lib/ruby/gems/1.8/gems/mongrel-1.1.3/lib/mongrel.rb:285:in `new'
    /usr/local/lib/ruby/gems/1.8/gems/mongrel-1.1.3/lib/mongrel.rb:285:in `run'
    /usr/local/lib/ruby/gems/1.8/gems/mongrel-1.1.3/lib/mongrel.rb:268:in `initialize'
    /usr/local/lib/ruby/gems/1.8/gems/mongrel-1.1.3/lib/mongrel.rb:268:in `new'
    /usr/local/lib/ruby/gems/1.8/gems/mongrel-1.1.3/lib/mongrel.rb:268:in `run'
    /usr/local/lib/ruby/gems/1.8/gems/mongrel-1.1.3/lib/mongrel/configurator.rb:282:in `run'
    /usr/local/lib/ruby/gems/1.8/gems/mongrel-1.1.3/lib/mongrel/configurator.rb:281:in `each'
    /usr/local/lib/ruby/gems/1.8/gems/mongrel-1.1.3/lib/mongrel/configurator.rb:281:in `run'
    /usr/local/lib/ruby/gems/1.8/gems/mongrel-1.1.3/bin/mongrel_rails:128:in `run'
    /usr/local/lib/ruby/gems/1.8/gems/mongrel-1.1.3/lib/mongrel/command.rb:212:in `run'
    /usr/local/lib/ruby/gems/1.8/gems/mongrel-1.1.3/bin/mongrel_rails:281
    /Users/ghadir/.gem/ruby/1.8/gems/activesupport-2.2.2/lib/active_support/dependencies.rb:142:in `load_without_new_constant_marking'
    /Users/ghadir/.gem/ruby/1.8/gems/activesupport-2.2.2/lib/active_support/dependencies.rb:142:in `load'
    /Users/ghadir/.gem/ruby/1.8/gems/activesupport-2.2.2/lib/active_support/dependencies.rb:521:in `new_constants_in'
    /Users/ghadir/.gem/ruby/1.8/gems/activesupport-2.2.2/lib/active_support/dependencies.rb:142:in `load'
    /usr/local/lib/ruby/gems/1.8/gems/rails-2.2.2/lib/commands/servers/mongrel.rb:64
    /usr/local/lib/ruby/site_ruby/1.8/rubygems/custom_require.rb:31:in `gem_original_require'
    /usr/local/lib/ruby/site_ruby/1.8/rubygems/custom_require.rb:31:in `require'
    /Users/ghadir/.gem/ruby/1.8/gems/activesupport-2.2.2/lib/active_support/dependencies.rb:153:in `require'
    /Users/ghadir/.gem/ruby/1.8/gems/activesupport-2.2.2/lib/active_support/dependencies.rb:521:in `new_constants_in'
    /Users/ghadir/.gem/ruby/1.8/gems/activesupport-2.2.2/lib/active_support/dependencies.rb:153:in `require'
    /usr/local/lib/ruby/gems/1.8/gems/rails-2.2.2/lib/commands/server.rb:49
    /usr/local/lib/ruby/site_ruby/1.8/rubygems/custom_require.rb:31:in `gem_original_require'
    /usr/local/lib/ruby/site_ruby/1.8/rubygems/custom_require.rb:31:in `require'
    script/server:3


Processing ApplicationController#index (for 127.0.0.1 at 2009-05-11 18:11:55) [GET]


NoMethodError (undefined method `camelize' for :entries:Symbol):
    /usr/local/lib/ruby/gems/1.8/gems/actionpack-2.2.2/lib/action_controller/routing/route_set.rb:388:in `recognize'
    /usr/local/lib/ruby/gems/1.8/gems/actionpack-2.2.2/lib/action_controller/dispatcher.rb:182:in `handle_request'
    /usr/local/lib/ruby/gems/1.8/gems/actionpack-2.2.2/lib/action_controller/dispatcher.rb:110:in `dispatch_unlocked'
    /usr/local/lib/ruby/gems/1.8/gems/actionpack-2.2.2/lib/action_controller/dispatcher.rb:123:in `dispatch'
    /usr/local/lib/ruby/gems/1.8/gems/actionpack-2.2.2/lib/action_controller/dispatcher.rb:122:in `synchronize'
    /usr/local/lib/ruby/gems/1.8/gems/actionpack-2.2.2/lib/action_controller/dispatcher.rb:122:in `dispatch'
    /usr/local/lib/ruby/gems/1.8/gems/actionpack-2.2.2/lib/action_controller/dispatcher.rb:132:in `dispatch_cgi'
    /usr/local/lib/ruby/gems/1.8/gems/actionpack-2.2.2/lib/action_controller/dispatcher.rb:39:in `dispatch'
    /usr/local/lib/ruby/gems/1.8/gems/mongrel-1.1.3/bin/../lib/mongrel/rails.rb:76:in `process'
    /usr/local/lib/ruby/gems/1.8/gems/mongrel-1.1.3/bin/../lib/mongrel/rails.rb:74:in `synchronize'
    /usr/local/lib/ruby/gems/1.8/gems/mongrel-1.1.3/bin/../lib/mongrel/rails.rb:74:in `process'
    /usr/local/lib/ruby/gems/1.8/gems/mongrel-1.1.3/lib/mongrel.rb:159:in `process_client'
    /usr/local/lib/ruby/gems/1.8/gems/mongrel-1.1.3/lib/mongrel.rb:158:in `each'
    /usr/local/lib/ruby/gems/1.8/gems/mongrel-1.1.3/lib/mongrel.rb:158:in `process_client'
    /usr/local/lib/ruby/gems/1.8/gems/mongrel-1.1.3/lib/mongrel.rb:285:in `run'
    /usr/local/lib/ruby/gems/1.8/gems/mongrel-1.1.3/lib/mongrel.rb:285:in `initialize'
    /usr/local/lib/ruby/gems/1.8/gems/mongrel-1.1.3/lib/mongrel.rb:285:in `new'
    /usr/local/lib/ruby/gems/1.8/gems/mongrel-1.1.3/lib/mongrel.rb:285:in `run'
    /usr/local/lib/ruby/gems/1.8/gems/mongrel-1.1.3/lib/mongrel.rb:268:in `initialize'
    /usr/local/lib/ruby/gems/1.8/gems/mongrel-1.1.3/lib/mongrel.rb:268:in `new'
    /usr/local/lib/ruby/gems/1.8/gems/mongrel-1.1.3/lib/mongrel.rb:268:in `run'
    /usr/local/lib/ruby/gems/1.8/gems/mongrel-1.1.3/lib/mongrel/configurator.rb:282:in `run'
    /usr/local/lib/ruby/gems/1.8/gems/mongrel-1.1.3/lib/mongrel/configurator.rb:281:in `each'
    /usr/local/lib/ruby/gems/1.8/gems/mongrel-1.1.3/lib/mongrel/configurator.rb:281:in `run'
    /usr/local/lib/ruby/gems/1.8/gems/mongrel-1.1.3/bin/mongrel_rails:128:in `run'
    /usr/local/lib/ruby/gems/1.8/gems/mongrel-1.1.3/lib/mongrel/command.rb:212:in `run'
    /usr/local/lib/ruby/gems/1.8/gems/mongrel-1.1.3/bin/mongrel_rails:281
    /Users/ghadir/.gem/ruby/1.8/gems/activesupport-2.2.2/lib/active_support/dependencies.rb:142:in `load_without_new_constant_marking'
    /Users/ghadir/.gem/ruby/1.8/gems/activesupport-2.2.2/lib/active_support/dependencies.rb:142:in `load'
    /Users/ghadir/.gem/ruby/1.8/gems/activesupport-2.2.2/lib/active_support/dependencies.rb:521:in `new_constants_in'
    /Users/ghadir/.gem/ruby/1.8/gems/activesupport-2.2.2/lib/active_support/dependencies.rb:142:in `load'
    /usr/local/lib/ruby/gems/1.8/gems/rails-2.2.2/lib/commands/servers/mongrel.rb:64
    /usr/local/lib/ruby/site_ruby/1.8/rubygems/custom_require.rb:31:in `gem_original_require'
    /usr/local/lib/ruby/site_ruby/1.8/rubygems/custom_require.rb:31:in `require'
    /Users/ghadir/.gem/ruby/1.8/gems/activesupport-2.2.2/lib/active_support/dependencies.rb:153:in `require'
    /Users/ghadir/.gem/ruby/1.8/gems/activesupport-2.2.2/lib/active_support/dependencies.rb:521:in `new_constants_in'
    /Users/ghadir/.gem/ruby/1.8/gems/activesupport-2.2.2/lib/active_support/dependencies.rb:153:in `require'
    /usr/local/lib/ruby/gems/1.8/gems/rails-2.2.2/lib/commands/server.rb:49
    /usr/local/lib/ruby/site_ruby/1.8/rubygems/custom_require.rb:31:in `gem_original_require'
    /usr/local/lib/ruby/site_ruby/1.8/rubygems/custom_require.rb:31:in `require'
    script/server:3

/!\ FAILSAFE /!\  Mon May 11 18:11:55 +0200 2009
  Status: 500 Internal Server Error
  undefined method `camelize' for :entries:Symbol
    /usr/local/lib/ruby/gems/1.8/gems/actionpack-2.2.2/lib/action_controller/routing/route_set.rb:388:in `recognize'
    /usr/local/lib/ruby/gems/1.8/gems/actionpack-2.2.2/lib/action_controller/dispatcher.rb:182:in `handle_request'
    /usr/local/lib/ruby/gems/1.8/gems/actionpack-2.2.2/lib/action_controller/dispatcher.rb:110:in `dispatch_unlocked'
    /usr/local/lib/ruby/gems/1.8/gems/actionpack-2.2.2/lib/action_controller/dispatcher.rb:123:in `dispatch'
    /usr/local/lib/ruby/gems/1.8/gems/actionpack-2.2.2/lib/action_controller/dispatcher.rb:122:in `synchronize'
    /usr/local/lib/ruby/gems/1.8/gems/actionpack-2.2.2/lib/action_controller/dispatcher.rb:122:in `dispatch'
    /usr/local/lib/ruby/gems/1.8/gems/actionpack-2.2.2/lib/action_controller/dispatcher.rb:132:in `dispatch_cgi'
    /usr/local/lib/ruby/gems/1.8/gems/actionpack-2.2.2/lib/action_controller/dispatcher.rb:39:in `dispatch'
    /usr/local/lib/ruby/gems/1.8/gems/mongrel-1.1.3/bin/../lib/mongrel/rails.rb:76:in `process'
    /usr/local/lib/ruby/gems/1.8/gems/mongrel-1.1.3/bin/../lib/mongrel/rails.rb:74:in `synchronize'
    /usr/local/lib/ruby/gems/1.8/gems/mongrel-1.1.3/bin/../lib/mongrel/rails.rb:74:in `process'
    /usr/local/lib/ruby/gems/1.8/gems/mongrel-1.1.3/lib/mongrel.rb:159:in `process_client'
    /usr/local/lib/ruby/gems/1.8/gems/mongrel-1.1.3/lib/mongrel.rb:158:in `each'
    /usr/local/lib/ruby/gems/1.8/gems/mongrel-1.1.3/lib/mongrel.rb:158:in `process_client'
    /usr/local/lib/ruby/gems/1.8/gems/mongrel-1.1.3/lib/mongrel.rb:285:in `run'
    /usr/local/lib/ruby/gems/1.8/gems/mongrel-1.1.3/lib/mongrel.rb:285:in `initialize'
    /usr/local/lib/ruby/gems/1.8/gems/mongrel-1.1.3/lib/mongrel.rb:285:in `new'
    /usr/local/lib/ruby/gems/1.8/gems/mongrel-1.1.3/lib/mongrel.rb:285:in `run'
    /usr/local/lib/ruby/gems/1.8/gems/mongrel-1.1.3/lib/mongrel.rb:268:in `initialize'
    /usr/local/lib/ruby/gems/1.8/gems/mongrel-1.1.3/lib/mongrel.rb:268:in `new'
    /usr/local/lib/ruby/gems/1.8/gems/mongrel-1.1.3/lib/mongrel.rb:268:in `run'
    /usr/local/lib/ruby/gems/1.8/gems/mongrel-1.1.3/lib/mongrel/configurator.rb:282:in `run'
    /usr/local/lib/ruby/gems/1.8/gems/mongrel-1.1.3/lib/mongrel/configurator.rb:281:in `each'
    /usr/local/lib/ruby/gems/1.8/gems/mongrel-1.1.3/lib/mongrel/configurator.rb:281:in `run'
    /usr/local/lib/ruby/gems/1.8/gems/mongrel-1.1.3/bin/mongrel_rails:128:in `run'
    /usr/local/lib/ruby/gems/1.8/gems/mongrel-1.1.3/lib/mongrel/command.rb:212:in `run'
    /usr/local/lib/ruby/gems/1.8/gems/mongrel-1.1.3/bin/mongrel_rails:281
    /Users/ghadir/.gem/ruby/1.8/gems/activesupport-2.2.2/lib/active_support/dependencies.rb:142:in `load_without_new_constant_marking'
    /Users/ghadir/.gem/ruby/1.8/gems/activesupport-2.2.2/lib/active_support/dependencies.rb:142:in `load'
    /Users/ghadir/.gem/ruby/1.8/gems/activesupport-2.2.2/lib/active_support/dependencies.rb:521:in `new_constants_in'
    /Users/ghadir/.gem/ruby/1.8/gems/activesupport-2.2.2/lib/active_support/dependencies.rb:142:in `load'
    /usr/local/lib/ruby/gems/1.8/gems/rails-2.2.2/lib/commands/servers/mongrel.rb:64
    /usr/local/lib/ruby/site_ruby/1.8/rubygems/custom_require.rb:31:in `gem_original_require'
    /usr/local/lib/ruby/site_ruby/1.8/rubygems/custom_require.rb:31:in `require'
    /Users/ghadir/.gem/ruby/1.8/gems/activesupport-2.2.2/lib/active_support/dependencies.rb:153:in `require'
    /Users/ghadir/.gem/ruby/1.8/gems/activesupport-2.2.2/lib/active_support/dependencies.rb:521:in `new_constants_in'
    /Users/ghadir/.gem/ruby/1.8/gems/activesupport-2.2.2/lib/active_support/dependencies.rb:153:in `require'
    /usr/local/lib/ruby/gems/1.8/gems/rails-2.2.2/lib/commands/server.rb:49
    /usr/local/lib/ruby/site_ruby/1.8/rubygems/custom_require.rb:31:in `gem_original_require'
    /usr/local/lib/ruby/site_ruby/1.8/rubygems/custom_require.rb:31:in `require'
    script/server:3


Processing ApplicationController#index (for 127.0.0.1 at 2009-05-11 18:12:18) [GET]


NoMethodError (undefined method `camelize' for :entries:Symbol):
    /usr/local/lib/ruby/gems/1.8/gems/actionpack-2.2.2/lib/action_controller/routing/route_set.rb:388:in `recognize'
    /usr/local/lib/ruby/gems/1.8/gems/actionpack-2.2.2/lib/action_controller/dispatcher.rb:182:in `handle_request'
    /usr/local/lib/ruby/gems/1.8/gems/actionpack-2.2.2/lib/action_controller/dispatcher.rb:110:in `dispatch_unlocked'
    /usr/local/lib/ruby/gems/1.8/gems/actionpack-2.2.2/lib/action_controller/dispatcher.rb:123:in `dispatch'
    /usr/local/lib/ruby/gems/1.8/gems/actionpack-2.2.2/lib/action_controller/dispatcher.rb:122:in `synchronize'
    /usr/local/lib/ruby/gems/1.8/gems/actionpack-2.2.2/lib/action_controller/dispatcher.rb:122:in `dispatch'
    /usr/local/lib/ruby/gems/1.8/gems/actionpack-2.2.2/lib/action_controller/dispatcher.rb:132:in `dispatch_cgi'
    /usr/local/lib/ruby/gems/1.8/gems/actionpack-2.2.2/lib/action_controller/dispatcher.rb:39:in `dispatch'
    /usr/local/lib/ruby/gems/1.8/gems/mongrel-1.1.3/bin/../lib/mongrel/rails.rb:76:in `process'
    /usr/local/lib/ruby/gems/1.8/gems/mongrel-1.1.3/bin/../lib/mongrel/rails.rb:74:in `synchronize'
    /usr/local/lib/ruby/gems/1.8/gems/mongrel-1.1.3/bin/../lib/mongrel/rails.rb:74:in `process'
    /usr/local/lib/ruby/gems/1.8/gems/mongrel-1.1.3/lib/mongrel.rb:159:in `process_client'
    /usr/local/lib/ruby/gems/1.8/gems/mongrel-1.1.3/lib/mongrel.rb:158:in `each'
    /usr/local/lib/ruby/gems/1.8/gems/mongrel-1.1.3/lib/mongrel.rb:158:in `process_client'
    /usr/local/lib/ruby/gems/1.8/gems/mongrel-1.1.3/lib/mongrel.rb:285:in `run'
    /usr/local/lib/ruby/gems/1.8/gems/mongrel-1.1.3/lib/mongrel.rb:285:in `initialize'
    /usr/local/lib/ruby/gems/1.8/gems/mongrel-1.1.3/lib/mongrel.rb:285:in `new'
    /usr/local/lib/ruby/gems/1.8/gems/mongrel-1.1.3/lib/mongrel.rb:285:in `run'
    /usr/local/lib/ruby/gems/1.8/gems/mongrel-1.1.3/lib/mongrel.rb:268:in `initialize'
    /usr/local/lib/ruby/gems/1.8/gems/mongrel-1.1.3/lib/mongrel.rb:268:in `new'
    /usr/local/lib/ruby/gems/1.8/gems/mongrel-1.1.3/lib/mongrel.rb:268:in `run'
    /usr/local/lib/ruby/gems/1.8/gems/mongrel-1.1.3/lib/mongrel/configurator.rb:282:in `run'
    /usr/local/lib/ruby/gems/1.8/gems/mongrel-1.1.3/lib/mongrel/configurator.rb:281:in `each'
    /usr/local/lib/ruby/gems/1.8/gems/mongrel-1.1.3/lib/mongrel/configurator.rb:281:in `run'
    /usr/local/lib/ruby/gems/1.8/gems/mongrel-1.1.3/bin/mongrel_rails:128:in `run'
    /usr/local/lib/ruby/gems/1.8/gems/mongrel-1.1.3/lib/mongrel/command.rb:212:in `run'
    /usr/local/lib/ruby/gems/1.8/gems/mongrel-1.1.3/bin/mongrel_rails:281
    /Users/ghadir/.gem/ruby/1.8/gems/activesupport-2.2.2/lib/active_support/dependencies.rb:142:in `load_without_new_constant_marking'
    /Users/ghadir/.gem/ruby/1.8/gems/activesupport-2.2.2/lib/active_support/dependencies.rb:142:in `load'
    /Users/ghadir/.gem/ruby/1.8/gems/activesupport-2.2.2/lib/active_support/dependencies.rb:521:in `new_constants_in'
    /Users/ghadir/.gem/ruby/1.8/gems/activesupport-2.2.2/lib/active_support/dependencies.rb:142:in `load'
    /usr/local/lib/ruby/gems/1.8/gems/rails-2.2.2/lib/commands/servers/mongrel.rb:64
    /usr/local/lib/ruby/site_ruby/1.8/rubygems/custom_require.rb:31:in `gem_original_require'
    /usr/local/lib/ruby/site_ruby/1.8/rubygems/custom_require.rb:31:in `require'
    /Users/ghadir/.gem/ruby/1.8/gems/activesupport-2.2.2/lib/active_support/dependencies.rb:153:in `require'
    /Users/ghadir/.gem/ruby/1.8/gems/activesupport-2.2.2/lib/active_support/dependencies.rb:521:in `new_constants_in'
    /Users/ghadir/.gem/ruby/1.8/gems/activesupport-2.2.2/lib/active_support/dependencies.rb:153:in `require'
    /usr/local/lib/ruby/gems/1.8/gems/rails-2.2.2/lib/commands/server.rb:49
    /usr/local/lib/ruby/site_ruby/1.8/rubygems/custom_require.rb:31:in `gem_original_require'
    /usr/local/lib/ruby/site_ruby/1.8/rubygems/custom_require.rb:31:in `require'
    script/server:3

/!\ FAILSAFE /!\  Mon May 11 18:12:18 +0200 2009
  Status: 500 Internal Server Error
  undefined method `camelize' for :entries:Symbol
    /usr/local/lib/ruby/gems/1.8/gems/actionpack-2.2.2/lib/action_controller/routing/route_set.rb:388:in `recognize'
    /usr/local/lib/ruby/gems/1.8/gems/actionpack-2.2.2/lib/action_controller/dispatcher.rb:182:in `handle_request'
    /usr/local/lib/ruby/gems/1.8/gems/actionpack-2.2.2/lib/action_controller/dispatcher.rb:110:in `dispatch_unlocked'
    /usr/local/lib/ruby/gems/1.8/gems/actionpack-2.2.2/lib/action_controller/dispatcher.rb:123:in `dispatch'
    /usr/local/lib/ruby/gems/1.8/gems/actionpack-2.2.2/lib/action_controller/dispatcher.rb:122:in `synchronize'
    /usr/local/lib/ruby/gems/1.8/gems/actionpack-2.2.2/lib/action_controller/dispatcher.rb:122:in `dispatch'
    /usr/local/lib/ruby/gems/1.8/gems/actionpack-2.2.2/lib/action_controller/dispatcher.rb:132:in `dispatch_cgi'
    /usr/local/lib/ruby/gems/1.8/gems/actionpack-2.2.2/lib/action_controller/dispatcher.rb:39:in `dispatch'
    /usr/local/lib/ruby/gems/1.8/gems/mongrel-1.1.3/bin/../lib/mongrel/rails.rb:76:in `process'
    /usr/local/lib/ruby/gems/1.8/gems/mongrel-1.1.3/bin/../lib/mongrel/rails.rb:74:in `synchronize'
    /usr/local/lib/ruby/gems/1.8/gems/mongrel-1.1.3/bin/../lib/mongrel/rails.rb:74:in `process'
    /usr/local/lib/ruby/gems/1.8/gems/mongrel-1.1.3/lib/mongrel.rb:159:in `process_client'
    /usr/local/lib/ruby/gems/1.8/gems/mongrel-1.1.3/lib/mongrel.rb:158:in `each'
    /usr/local/lib/ruby/gems/1.8/gems/mongrel-1.1.3/lib/mongrel.rb:158:in `process_client'
    /usr/local/lib/ruby/gems/1.8/gems/mongrel-1.1.3/lib/mongrel.rb:285:in `run'
    /usr/local/lib/ruby/gems/1.8/gems/mongrel-1.1.3/lib/mongrel.rb:285:in `initialize'
    /usr/local/lib/ruby/gems/1.8/gems/mongrel-1.1.3/lib/mongrel.rb:285:in `new'
    /usr/local/lib/ruby/gems/1.8/gems/mongrel-1.1.3/lib/mongrel.rb:285:in `run'
    /usr/local/lib/ruby/gems/1.8/gems/mongrel-1.1.3/lib/mongrel.rb:268:in `initialize'
    /usr/local/lib/ruby/gems/1.8/gems/mongrel-1.1.3/lib/mongrel.rb:268:in `new'
    /usr/local/lib/ruby/gems/1.8/gems/mongrel-1.1.3/lib/mongrel.rb:268:in `run'
    /usr/local/lib/ruby/gems/1.8/gems/mongrel-1.1.3/lib/mongrel/configurator.rb:282:in `run'
    /usr/local/lib/ruby/gems/1.8/gems/mongrel-1.1.3/lib/mongrel/configurator.rb:281:in `each'
    /usr/local/lib/ruby/gems/1.8/gems/mongrel-1.1.3/lib/mongrel/configurator.rb:281:in `run'
    /usr/local/lib/ruby/gems/1.8/gems/mongrel-1.1.3/bin/mongrel_rails:128:in `run'
    /usr/local/lib/ruby/gems/1.8/gems/mongrel-1.1.3/lib/mongrel/command.rb:212:in `run'
    /usr/local/lib/ruby/gems/1.8/gems/mongrel-1.1.3/bin/mongrel_rails:281
    /Users/ghadir/.gem/ruby/1.8/gems/activesupport-2.2.2/lib/active_support/dependencies.rb:142:in `load_without_new_constant_marking'
    /Users/ghadir/.gem/ruby/1.8/gems/activesupport-2.2.2/lib/active_support/dependencies.rb:142:in `load'
    /Users/ghadir/.gem/ruby/1.8/gems/activesupport-2.2.2/lib/active_support/dependencies.rb:521:in `new_constants_in'
    /Users/ghadir/.gem/ruby/1.8/gems/activesupport-2.2.2/lib/active_support/dependencies.rb:142:in `load'
    /usr/local/lib/ruby/gems/1.8/gems/rails-2.2.2/lib/commands/servers/mongrel.rb:64
    /usr/local/lib/ruby/site_ruby/1.8/rubygems/custom_require.rb:31:in `gem_original_require'
    /usr/local/lib/ruby/site_ruby/1.8/rubygems/custom_require.rb:31:in `require'
    /Users/ghadir/.gem/ruby/1.8/gems/activesupport-2.2.2/lib/active_support/dependencies.rb:153:in `require'
    /Users/ghadir/.gem/ruby/1.8/gems/activesupport-2.2.2/lib/active_support/dependencies.rb:521:in `new_constants_in'
    /Users/ghadir/.gem/ruby/1.8/gems/activesupport-2.2.2/lib/active_support/dependencies.rb:153:in `require'
    /usr/local/lib/ruby/gems/1.8/gems/rails-2.2.2/lib/commands/server.rb:49
    /usr/local/lib/ruby/site_ruby/1.8/rubygems/custom_require.rb:31:in `gem_original_require'
    /usr/local/lib/ruby/site_ruby/1.8/rubygems/custom_require.rb:31:in `require'
    script/server:3


Processing EntriesController#index (for 127.0.0.1 at 2009-05-11 18:12:43) [GET]
  [4;36;1mSQL (0.1ms)[0m   [0;1mSET NAMES 'utf8'[0m
  [4;35;1mSQL (0.1ms)[0m   [0mSET SQL_AUTO_IS_NULL=0[0m


NameError (uninitialized constant EntriesController::Entries):
    /Users/ghadir/.gem/ruby/1.8/gems/activesupport-2.2.2/lib/active_support/dependencies.rb:102:in `const_missing'
    /app/controllers/entries_controller.rb:5:in `index'
    /usr/local/lib/ruby/gems/1.8/gems/actionpack-2.2.2/lib/action_controller/base.rb:1253:in `send'
    /usr/local/lib/ruby/gems/1.8/gems/actionpack-2.2.2/lib/action_controller/base.rb:1253:in `perform_action_without_filters'
    /usr/local/lib/ruby/gems/1.8/gems/actionpack-2.2.2/lib/action_controller/filters.rb:617:in `call_filters'
    /usr/local/lib/ruby/gems/1.8/gems/actionpack-2.2.2/lib/action_controller/filters.rb:610:in `perform_action_without_benchmark'
    /usr/local/lib/ruby/gems/1.8/gems/actionpack-2.2.2/lib/action_controller/benchmarking.rb:68:in `perform_action_without_rescue'
    /usr/local/lib/ruby/1.8/benchmark.rb:293:in `measure'
    /usr/local/lib/ruby/gems/1.8/gems/actionpack-2.2.2/lib/action_controller/benchmarking.rb:68:in `perform_action_without_rescue'
    /usr/local/lib/ruby/gems/1.8/gems/actionpack-2.2.2/lib/action_controller/rescue.rb:136:in `perform_action_without_caching'
    /usr/local/lib/ruby/gems/1.8/gems/actionpack-2.2.2/lib/action_controller/caching/sql_cache.rb:13:in `perform_action'
    /usr/local/lib/ruby/gems/1.8/gems/activerecord-2.2.2/lib/active_record/connection_adapters/abstract/query_cache.rb:34:in `cache'
    /usr/local/lib/ruby/gems/1.8/gems/activerecord-2.2.2/lib/active_record/query_cache.rb:8:in `cache'
    /usr/local/lib/ruby/gems/1.8/gems/actionpack-2.2.2/lib/action_controller/caching/sql_cache.rb:12:in `perform_action'
    /usr/local/lib/ruby/gems/1.8/gems/actionpack-2.2.2/lib/action_controller/base.rb:524:in `send'
    /usr/local/lib/ruby/gems/1.8/gems/actionpack-2.2.2/lib/action_controller/base.rb:524:in `process_without_filters'
    /usr/local/lib/ruby/gems/1.8/gems/actionpack-2.2.2/lib/action_controller/filters.rb:606:in `process_without_session_management_support'
    /usr/local/lib/ruby/gems/1.8/gems/actionpack-2.2.2/lib/action_controller/session_management.rb:134:in `process'
    /usr/local/lib/ruby/gems/1.8/gems/actionpack-2.2.2/lib/action_controller/base.rb:392:in `process'
    /usr/local/lib/ruby/gems/1.8/gems/actionpack-2.2.2/lib/action_controller/dispatcher.rb:183:in `handle_request'
    /usr/local/lib/ruby/gems/1.8/gems/actionpack-2.2.2/lib/action_controller/dispatcher.rb:110:in `dispatch_unlocked'
    /usr/local/lib/ruby/gems/1.8/gems/actionpack-2.2.2/lib/action_controller/dispatcher.rb:123:in `dispatch'
    /usr/local/lib/ruby/gems/1.8/gems/actionpack-2.2.2/lib/action_controller/dispatcher.rb:122:in `synchronize'
    /usr/local/lib/ruby/gems/1.8/gems/actionpack-2.2.2/lib/action_controller/dispatcher.rb:122:in `dispatch'
    /usr/local/lib/ruby/gems/1.8/gems/actionpack-2.2.2/lib/action_controller/dispatcher.rb:132:in `dispatch_cgi'
    /usr/local/lib/ruby/gems/1.8/gems/actionpack-2.2.2/lib/action_controller/dispatcher.rb:39:in `dispatch'
    /usr/local/lib/ruby/gems/1.8/gems/mongrel-1.1.3/bin/../lib/mongrel/rails.rb:76:in `process'
    /usr/local/lib/ruby/gems/1.8/gems/mongrel-1.1.3/bin/../lib/mongrel/rails.rb:74:in `synchronize'
    /usr/local/lib/ruby/gems/1.8/gems/mongrel-1.1.3/bin/../lib/mongrel/rails.rb:74:in `process'
    /usr/local/lib/ruby/gems/1.8/gems/mongrel-1.1.3/lib/mongrel.rb:159:in `process_client'
    /usr/local/lib/ruby/gems/1.8/gems/mongrel-1.1.3/lib/mongrel.rb:158:in `each'
    /usr/local/lib/ruby/gems/1.8/gems/mongrel-1.1.3/lib/mongrel.rb:158:in `process_client'
    /usr/local/lib/ruby/gems/1.8/gems/mongrel-1.1.3/lib/mongrel.rb:285:in `run'
    /usr/local/lib/ruby/gems/1.8/gems/mongrel-1.1.3/lib/mongrel.rb:285:in `initialize'
    /usr/local/lib/ruby/gems/1.8/gems/mongrel-1.1.3/lib/mongrel.rb:285:in `new'
    /usr/local/lib/ruby/gems/1.8/gems/mongrel-1.1.3/lib/mongrel.rb:285:in `run'
    /usr/local/lib/ruby/gems/1.8/gems/mongrel-1.1.3/lib/mongrel.rb:268:in `initialize'
    /usr/local/lib/ruby/gems/1.8/gems/mongrel-1.1.3/lib/mongrel.rb:268:in `new'
    /usr/local/lib/ruby/gems/1.8/gems/mongrel-1.1.3/lib/mongrel.rb:268:in `run'
    /usr/local/lib/ruby/gems/1.8/gems/mongrel-1.1.3/lib/mongrel/configurator.rb:282:in `run'
    /usr/local/lib/ruby/gems/1.8/gems/mongrel-1.1.3/lib/mongrel/configurator.rb:281:in `each'
    /usr/local/lib/ruby/gems/1.8/gems/mongrel-1.1.3/lib/mongrel/configurator.rb:281:in `run'
    /usr/local/lib/ruby/gems/1.8/gems/mongrel-1.1.3/bin/mongrel_rails:128:in `run'
    /usr/local/lib/ruby/gems/1.8/gems/mongrel-1.1.3/lib/mongrel/command.rb:212:in `run'
    /usr/local/lib/ruby/gems/1.8/gems/mongrel-1.1.3/bin/mongrel_rails:281
    /Users/ghadir/.gem/ruby/1.8/gems/activesupport-2.2.2/lib/active_support/dependencies.rb:142:in `load_without_new_constant_marking'
    /Users/ghadir/.gem/ruby/1.8/gems/activesupport-2.2.2/lib/active_support/dependencies.rb:142:in `load'
    /Users/ghadir/.gem/ruby/1.8/gems/activesupport-2.2.2/lib/active_support/dependencies.rb:521:in `new_constants_in'
    /Users/ghadir/.gem/ruby/1.8/gems/activesupport-2.2.2/lib/active_support/dependencies.rb:142:in `load'
    /usr/local/lib/ruby/gems/1.8/gems/rails-2.2.2/lib/commands/servers/mongrel.rb:64
    /usr/local/lib/ruby/site_ruby/1.8/rubygems/custom_require.rb:31:in `gem_original_require'
    /usr/local/lib/ruby/site_ruby/1.8/rubygems/custom_require.rb:31:in `require'
    /Users/ghadir/.gem/ruby/1.8/gems/activesupport-2.2.2/lib/active_support/dependencies.rb:153:in `require'
    /Users/ghadir/.gem/ruby/1.8/gems/activesupport-2.2.2/lib/active_support/dependencies.rb:521:in `new_constants_in'
    /Users/ghadir/.gem/ruby/1.8/gems/activesupport-2.2.2/lib/active_support/dependencies.rb:153:in `require'
    /usr/local/lib/ruby/gems/1.8/gems/rails-2.2.2/lib/commands/server.rb:49
    /usr/local/lib/ruby/site_ruby/1.8/rubygems/custom_require.rb:31:in `gem_original_require'
    /usr/local/lib/ruby/site_ruby/1.8/rubygems/custom_require.rb:31:in `require'
    script/server:3

Rendered /usr/local/lib/ruby/gems/1.8/gems/actionpack-2.2.2/lib/action_controller/templates/rescues/_trace (27.3ms)
Rendered /usr/local/lib/ruby/gems/1.8/gems/actionpack-2.2.2/lib/action_controller/templates/rescues/_request_and_response (0.6ms)
Rendering /usr/local/lib/ruby/gems/1.8/gems/actionpack-2.2.2/lib/action_controller/templates/rescues/layout.erb (internal_server_error)


Processing EntriesController#index (for 127.0.0.1 at 2009-05-11 18:38:01) [GET]
  [4;36;1mSQL (0.1ms)[0m   [0;1mSET NAMES 'utf8'[0m
  [4;35;1mSQL (0.1ms)[0m   [0mSET SQL_AUTO_IS_NULL=0[0m
  [4;36;1mEntry Load (0.3ms)[0m   [0;1mSELECT * FROM `entries` [0m
Rendering template within layouts/entries
Rendering entries/index
  [4;35;1mEntry Columns (2.4ms)[0m   [0mSHOW FIELDS FROM `entries`[0m
Completed in 16ms (View: 10, DB: 3) | 200 OK [http://localhost/]


Processing EntriesController#index (for 127.0.0.1 at 2009-05-11 19:19:06) [GET]
  [4;36;1mSQL (0.1ms)[0m   [0;1mSET NAMES 'utf8'[0m
  [4;35;1mSQL (0.1ms)[0m   [0mSET SQL_AUTO_IS_NULL=0[0m
  [4;36;1mEntry Load (0.3ms)[0m   [0;1mSELECT * FROM `entries` [0m
Rendering template within layouts/entries
Rendering entries/index
  [4;35;1mEntry Columns (2.3ms)[0m   [0mSHOW FIELDS FROM `entries`[0m
Completed in 89ms (View: 83, DB: 3) | 200 OK [http://localhost/]


Processing EntriesController#index (for 127.0.0.1 at 2009-05-11 19:20:32) [GET]
  [4;36;1mSQL (0.1ms)[0m   [0;1mSET NAMES 'utf8'[0m
  [4;35;1mSQL (0.1ms)[0m   [0mSET SQL_AUTO_IS_NULL=0[0m
  [4;36;1mEntry Load (0.3ms)[0m   [0;1mSELECT * FROM `entries` [0m
Rendering template within layouts/entries
Rendering entries/index
  [4;35;1mEntry Columns (2.4ms)[0m   [0mSHOW FIELDS FROM `entries`[0m
Completed in 15ms (View: 7, DB: 3) | 200 OK [http://localhost/]


Processing EntriesController#show (for 127.0.0.1 at 2009-05-11 19:20:34) [GET]
  Parameters: {"id"=>"442820205"}
  [4;36;1mSQL (0.1ms)[0m   [0;1mSET NAMES 'utf8'[0m
  [4;35;1mSQL (0.1ms)[0m   [0mSET SQL_AUTO_IS_NULL=0[0m
  [4;36;1mEntry Columns (2.1ms)[0m   [0;1mSHOW FIELDS FROM `entries`[0m
  [4;35;1mEntry Load (0.3ms)[0m   [0mSELECT * FROM `entries` WHERE (`entries`.`id` = 442820205) [0m
Rendering template within layouts/entries
Rendering entries/show
Completed in 13ms (View: 5, DB: 3) | 200 OK [http://localhost/entries/442820205]


Processing EntriesController#index (for 127.0.0.1 at 2009-05-11 19:20:36) [GET]
  [4;36;1mSQL (0.1ms)[0m   [0;1mSET NAMES 'utf8'[0m
  [4;35;1mSQL (0.1ms)[0m   [0mSET SQL_AUTO_IS_NULL=0[0m
  [4;36;1mEntry Load (0.2ms)[0m   [0;1mSELECT * FROM `entries` [0m
Rendering template within layouts/entries
Rendering entries/index
  [4;35;1mEntry Columns (1.8ms)[0m   [0mSHOW FIELDS FROM `entries`[0m
Completed in 12ms (View: 6, DB: 2) | 200 OK [http://localhost/entries]


Processing EntriesController#show (for 127.0.0.1 at 2009-05-11 19:20:38) [GET]
  Parameters: {"id"=>"953125641"}
  [4;36;1mSQL (0.1ms)[0m   [0;1mSET NAMES 'utf8'[0m
  [4;35;1mSQL (0.1ms)[0m   [0mSET SQL_AUTO_IS_NULL=0[0m
  [4;36;1mEntry Columns (2.3ms)[0m   [0;1mSHOW FIELDS FROM `entries`[0m
  [4;35;1mEntry Load (0.6ms)[0m   [0mSELECT * FROM `entries` WHERE (`entries`.`id` = 953125641) [0m
Rendering template within layouts/entries
Rendering entries/show
Completed in 13ms (View: 5, DB: 3) | 200 OK [http://localhost/entries/953125641]


Processing EntriesController#index (for 127.0.0.1 at 2009-05-11 19:20:40) [GET]
  [4;36;1mSQL (0.1ms)[0m   [0;1mSET NAMES 'utf8'[0m
  [4;35;1mSQL (0.1ms)[0m   [0mSET SQL_AUTO_IS_NULL=0[0m
  [4;36;1mEntry Load (0.3ms)[0m   [0;1mSELECT * FROM `entries` [0m
Rendering template within layouts/entries
Rendering entries/index
  [4;35;1mEntry Columns (2.3ms)[0m   [0mSHOW FIELDS FROM `entries`[0m
Completed in 14ms (View: 7, DB: 3) | 200 OK [http://localhost/entries]


Processing EntriesController#show (for 127.0.0.1 at 2009-05-11 19:20:42) [GET]
  Parameters: {"id"=>"996332877"}
  [4;36;1mSQL (0.1ms)[0m   [0;1mSET NAMES 'utf8'[0m
  [4;35;1mSQL (0.1ms)[0m   [0mSET SQL_AUTO_IS_NULL=0[0m
  [4;36;1mEntry Columns (2.4ms)[0m   [0;1mSHOW FIELDS FROM `entries`[0m
  [4;35;1mEntry Load (0.4ms)[0m   [0mSELECT * FROM `entries` WHERE (`entries`.`id` = 996332877) [0m
Rendering template within layouts/entries
Rendering entries/show
Completed in 13ms (View: 5, DB: 3) | 200 OK [http://localhost/entries/996332877]


Processing EntriesController#index (for 127.0.0.1 at 2009-05-11 19:20:45) [GET]
  [4;36;1mSQL (0.1ms)[0m   [0;1mSET NAMES 'utf8'[0m
  [4;35;1mSQL (0.1ms)[0m   [0mSET SQL_AUTO_IS_NULL=0[0m
  [4;36;1mEntry Load (0.2ms)[0m   [0;1mSELECT * FROM `entries` [0m
Rendering template within layouts/entries
Rendering entries/index
  [4;35;1mEntry Columns (2.4ms)[0m   [0mSHOW FIELDS FROM `entries`[0m
Completed in 14ms (View: 7, DB: 3) | 200 OK [http://localhost/entries]


Processing EntriesController#index (for 127.0.0.1 at 2009-05-11 19:21:21) [GET]
  [4;36;1mSQL (0.1ms)[0m   [0;1mSET NAMES 'utf8'[0m
  [4;35;1mSQL (0.1ms)[0m   [0mSET SQL_AUTO_IS_NULL=0[0m
  [4;36;1mEntry Load (0.2ms)[0m   [0;1mSELECT * FROM `entries` [0m
Rendering template within layouts/entries
Rendering entries/index
  [4;35;1mEntry Columns (2.6ms)[0m   [0mSHOW FIELDS FROM `entries`[0m
Completed in 14ms (View: 7, DB: 3) | 200 OK [http://localhost/entries]


Processing EntriesController#show (for 127.0.0.1 at 2009-05-11 19:23:44) [GET]
  Parameters: {"id"=>"953125641"}
  [4;36;1mSQL (0.1ms)[0m   [0;1mSET NAMES 'utf8'[0m
  [4;35;1mSQL (0.1ms)[0m   [0mSET SQL_AUTO_IS_NULL=0[0m
  [4;36;1mEntry Columns (3.8ms)[0m   [0;1mSHOW FIELDS FROM `entries`[0m
  [4;35;1mEntry Load (0.8ms)[0m   [0mSELECT * FROM `entries` WHERE (`entries`.`id` = 953125641) [0m
Rendering template within layouts/entries
Rendering entries/show
Completed in 15ms (View: 5, DB: 5) | 200 OK [http://localhost/entries/953125641]


Processing EntriesController#index (for 127.0.0.1 at 2009-05-11 19:23:47) [GET]
  [4;36;1mSQL (0.1ms)[0m   [0;1mSET NAMES 'utf8'[0m
  [4;35;1mSQL (0.1ms)[0m   [0mSET SQL_AUTO_IS_NULL=0[0m
  [4;36;1mEntry Load (0.3ms)[0m   [0;1mSELECT * FROM `entries` [0m
Rendering template within layouts/entries
Rendering entries/index
  [4;35;1mEntry Columns (2.3ms)[0m   [0mSHOW FIELDS FROM `entries`[0m
Completed in 13ms (View: 7, DB: 3) | 200 OK [http://localhost/entries]


Processing EntriesController#show (for 127.0.0.1 at 2009-05-11 19:23:58) [GET]
  Parameters: {"id"=>"996332877"}
  [4;36;1mSQL (0.1ms)[0m   [0;1mSET NAMES 'utf8'[0m
  [4;35;1mSQL (0.1ms)[0m   [0mSET SQL_AUTO_IS_NULL=0[0m
  [4;36;1mEntry Columns (2.3ms)[0m   [0;1mSHOW FIELDS FROM `entries`[0m
  [4;35;1mEntry Load (0.5ms)[0m   [0mSELECT * FROM `entries` WHERE (`entries`.`id` = 996332877) [0m
Rendering template within layouts/entries
Rendering entries/show
Completed in 13ms (View: 5, DB: 3) | 200 OK [http://localhost/entries/996332877]


Processing EntriesController#index (for 127.0.0.1 at 2009-05-11 19:24:00) [GET]
  [4;36;1mSQL (0.1ms)[0m   [0;1mSET NAMES 'utf8'[0m
  [4;35;1mSQL (0.1ms)[0m   [0mSET SQL_AUTO_IS_NULL=0[0m
  [4;36;1mEntry Load (0.2ms)[0m   [0;1mSELECT * FROM `entries` [0m
Rendering template within layouts/entries
Rendering entries/index
  [4;35;1mEntry Columns (2.3ms)[0m   [0mSHOW FIELDS FROM `entries`[0m
Completed in 14ms (View: 7, DB: 3) | 200 OK [http://localhost/entries]


Processing EntriesController#show (for 127.0.0.1 at 2009-05-11 19:24:06) [GET]
  Parameters: {"id"=>"442820205"}
  [4;36;1mSQL (0.1ms)[0m   [0;1mSET NAMES 'utf8'[0m
  [4;35;1mSQL (0.1ms)[0m   [0mSET SQL_AUTO_IS_NULL=0[0m
  [4;36;1mEntry Columns (2.4ms)[0m   [0;1mSHOW FIELDS FROM `entries`[0m
  [4;35;1mEntry Load (0.5ms)[0m   [0mSELECT * FROM `entries` WHERE (`entries`.`id` = 442820205) [0m
Rendering template within layouts/entries
Rendering entries/show
Completed in 13ms (View: 5, DB: 3) | 200 OK [http://localhost/entries/442820205]


Processing EntriesController#index (for 127.0.0.1 at 2009-05-11 19:24:07) [GET]
  [4;36;1mSQL (0.1ms)[0m   [0;1mSET NAMES 'utf8'[0m
  [4;35;1mSQL (0.1ms)[0m   [0mSET SQL_AUTO_IS_NULL=0[0m
  [4;36;1mEntry Load (0.3ms)[0m   [0;1mSELECT * FROM `entries` [0m
Rendering template within layouts/entries
Rendering entries/index
  [4;35;1mEntry Columns (2.4ms)[0m   [0mSHOW FIELDS FROM `entries`[0m
Completed in 14ms (View: 7, DB: 3) | 200 OK [http://localhost/entries]


Processing EntriesController#show (for 127.0.0.1 at 2009-05-11 19:24:09) [GET]
  Parameters: {"id"=>"953125641"}
  [4;36;1mSQL (0.1ms)[0m   [0;1mSET NAMES 'utf8'[0m
  [4;35;1mSQL (0.1ms)[0m   [0mSET SQL_AUTO_IS_NULL=0[0m
  [4;36;1mEntry Columns (1.9ms)[0m   [0;1mSHOW FIELDS FROM `entries`[0m
  [4;35;1mEntry Load (0.3ms)[0m   [0mSELECT * FROM `entries` WHERE (`entries`.`id` = 953125641) [0m
Rendering template within layouts/entries
Rendering entries/show
Completed in 11ms (View: 5, DB: 2) | 200 OK [http://localhost/entries/953125641]


Processing EntriesController#index (for 127.0.0.1 at 2009-05-11 19:24:10) [GET]
  [4;36;1mSQL (0.1ms)[0m   [0;1mSET NAMES 'utf8'[0m
  [4;35;1mSQL (0.1ms)[0m   [0mSET SQL_AUTO_IS_NULL=0[0m
  [4;36;1mEntry Load (0.3ms)[0m   [0;1mSELECT * FROM `entries` [0m
Rendering template within layouts/entries
Rendering entries/index
  [4;35;1mEntry Columns (2.5ms)[0m   [0mSHOW FIELDS FROM `entries`[0m
Completed in 72ms (View: 7, DB: 3) | 200 OK [http://localhost/entries]


Processing EntriesController#show (for 127.0.0.1 at 2009-05-11 19:24:12) [GET]
  Parameters: {"id"=>"996332877"}
  [4;36;1mSQL (0.1ms)[0m   [0;1mSET NAMES 'utf8'[0m
  [4;35;1mSQL (0.1ms)[0m   [0mSET SQL_AUTO_IS_NULL=0[0m
  [4;36;1mEntry Columns (1.7ms)[0m   [0;1mSHOW FIELDS FROM `entries`[0m
  [4;35;1mEntry Load (0.3ms)[0m   [0mSELECT * FROM `entries` WHERE (`entries`.`id` = 996332877) [0m
Rendering template within layouts/entries
Rendering entries/show
Completed in 11ms (View: 4, DB: 2) | 200 OK [http://localhost/entries/996332877]


Processing EntriesController#index (for 127.0.0.1 at 2009-05-11 19:24:14) [GET]
  [4;36;1mSQL (0.1ms)[0m   [0;1mSET NAMES 'utf8'[0m
  [4;35;1mSQL (0.1ms)[0m   [0mSET SQL_AUTO_IS_NULL=0[0m
  [4;36;1mEntry Load (0.2ms)[0m   [0;1mSELECT * FROM `entries` [0m
Rendering template within layouts/entries
Rendering entries/index
  [4;35;1mEntry Columns (309.6ms)[0m   [0mSHOW FIELDS FROM `entries`[0m
Completed in 321ms (View: 7, DB: 310) | 200 OK [http://localhost/entries]


Processing EntriesController#show (for 127.0.0.1 at 2009-05-11 19:24:17) [GET]
  Parameters: {"id"=>"953125641"}
  [4;36;1mSQL (0.1ms)[0m   [0;1mSET NAMES 'utf8'[0m
  [4;35;1mSQL (0.1ms)[0m   [0mSET SQL_AUTO_IS_NULL=0[0m
  [4;36;1mEntry Columns (1.8ms)[0m   [0;1mSHOW FIELDS FROM `entries`[0m
  [4;35;1mEntry Load (0.4ms)[0m   [0mSELECT * FROM `entries` WHERE (`entries`.`id` = 953125641) [0m
Rendering template within layouts/entries
Rendering entries/show
Completed in 11ms (View: 4, DB: 2) | 200 OK [http://localhost/entries/953125641]


Processing EntriesController#index (for 127.0.0.1 at 2009-05-11 19:24:19) [GET]
  [4;36;1mSQL (0.1ms)[0m   [0;1mSET NAMES 'utf8'[0m
  [4;35;1mSQL (0.1ms)[0m   [0mSET SQL_AUTO_IS_NULL=0[0m
  [4;36;1mEntry Load (0.2ms)[0m   [0;1mSELECT * FROM `entries` [0m
Rendering template within layouts/entries
Rendering entries/index
  [4;35;1mEntry Columns (2.4ms)[0m   [0mSHOW FIELDS FROM `entries`[0m
Completed in 14ms (View: 8, DB: 3) | 200 OK [http://localhost/entries]


Processing EntriesController#show (for 127.0.0.1 at 2009-05-11 19:24:20) [GET]
  Parameters: {"id"=>"442820205"}
  [4;36;1mSQL (0.1ms)[0m   [0;1mSET NAMES 'utf8'[0m
  [4;35;1mSQL (0.1ms)[0m   [0mSET SQL_AUTO_IS_NULL=0[0m
  [4;36;1mEntry Columns (2.4ms)[0m   [0;1mSHOW FIELDS FROM `entries`[0m
  [4;35;1mEntry Load (0.3ms)[0m   [0mSELECT * FROM `entries` WHERE (`entries`.`id` = 442820205) [0m
Rendering template within layouts/entries
Rendering entries/show
Completed in 13ms (View: 6, DB: 3) | 200 OK [http://localhost/entries/442820205]


Processing EntriesController#index (for 127.0.0.1 at 2009-05-11 19:24:22) [GET]
  [4;36;1mSQL (0.1ms)[0m   [0;1mSET NAMES 'utf8'[0m
  [4;35;1mSQL (0.1ms)[0m   [0mSET SQL_AUTO_IS_NULL=0[0m
  [4;36;1mEntry Load (0.3ms)[0m   [0;1mSELECT * FROM `entries` [0m
Rendering template within layouts/entries
Rendering entries/index
  [4;35;1mEntry Columns (1.8ms)[0m   [0mSHOW FIELDS FROM `entries`[0m
Completed in 15ms (View: 8, DB: 2) | 200 OK [http://localhost/entries]


Processing EntriesController#show (for 127.0.0.1 at 2009-05-11 19:24:26) [GET]
  Parameters: {"id"=>"996332877"}
  [4;36;1mSQL (0.1ms)[0m   [0;1mSET NAMES 'utf8'[0m
  [4;35;1mSQL (0.1ms)[0m   [0mSET SQL_AUTO_IS_NULL=0[0m
  [4;36;1mEntry Columns (2.3ms)[0m   [0;1mSHOW FIELDS FROM `entries`[0m
  [4;35;1mEntry Load (0.3ms)[0m   [0mSELECT * FROM `entries` WHERE (`entries`.`id` = 996332877) [0m
Rendering template within layouts/entries
Rendering entries/show
Completed in 13ms (View: 5, DB: 3) | 200 OK [http://localhost/entries/996332877]


Processing EntriesController#index (for 127.0.0.1 at 2009-05-11 19:24:27) [GET]
  [4;36;1mSQL (0.1ms)[0m   [0;1mSET NAMES 'utf8'[0m
  [4;35;1mSQL (0.1ms)[0m   [0mSET SQL_AUTO_IS_NULL=0[0m
  [4;36;1mEntry Load (0.2ms)[0m   [0;1mSELECT * FROM `entries` [0m
Rendering template within layouts/entries
Rendering entries/index
  [4;35;1mEntry Columns (2.3ms)[0m   [0mSHOW FIELDS FROM `entries`[0m
Completed in 13ms (View: 7, DB: 3) | 200 OK [http://localhost/entries]


Processing EntriesController#show (for 127.0.0.1 at 2009-05-11 19:24:29) [GET]
  Parameters: {"id"=>"442820205"}
  [4;36;1mSQL (0.1ms)[0m   [0;1mSET NAMES 'utf8'[0m
  [4;35;1mSQL (0.1ms)[0m   [0mSET SQL_AUTO_IS_NULL=0[0m
  [4;36;1mEntry Columns (2.4ms)[0m   [0;1mSHOW FIELDS FROM `entries`[0m
  [4;35;1mEntry Load (0.3ms)[0m   [0mSELECT * FROM `entries` WHERE (`entries`.`id` = 442820205) [0m
Rendering template within layouts/entries
Rendering entries/show
Completed in 13ms (View: 5, DB: 3) | 200 OK [http://localhost/entries/442820205]


Processing EntriesController#index (for 127.0.0.1 at 2009-05-11 19:24:32) [GET]
  [4;36;1mSQL (0.1ms)[0m   [0;1mSET NAMES 'utf8'[0m
  [4;35;1mSQL (0.1ms)[0m   [0mSET SQL_AUTO_IS_NULL=0[0m
  [4;36;1mEntry Load (0.3ms)[0m   [0;1mSELECT * FROM `entries` [0m
Rendering template within layouts/entries
Rendering entries/index
  [4;35;1mEntry Columns (2.4ms)[0m   [0mSHOW FIELDS FROM `entries`[0m
Completed in 14ms (View: 7, DB: 3) | 200 OK [http://localhost/entries]


Processing EntriesController#show (for 127.0.0.1 at 2009-05-11 19:24:42) [GET]
  Parameters: {"id"=>"996332877"}
  [4;36;1mSQL (0.1ms)[0m   [0;1mSET NAMES 'utf8'[0m
  [4;35;1mSQL (0.1ms)[0m   [0mSET SQL_AUTO_IS_NULL=0[0m
  [4;36;1mEntry Columns (4.3ms)[0m   [0;1mSHOW FIELDS FROM `entries`[0m
  [4;35;1mEntry Load (2.3ms)[0m   [0mSELECT * FROM `entries` WHERE (`entries`.`id` = 996332877) [0m
Rendering template within layouts/entries
Rendering entries/show
Completed in 17ms (View: 5, DB: 7) | 200 OK [http://localhost/entries/996332877]


Processing EntriesController#index (for 127.0.0.1 at 2009-05-11 19:24:46) [GET]
  [4;36;1mSQL (0.1ms)[0m   [0;1mSET NAMES 'utf8'[0m
  [4;35;1mSQL (0.1ms)[0m   [0mSET SQL_AUTO_IS_NULL=0[0m
  [4;36;1mEntry Load (0.2ms)[0m   [0;1mSELECT * FROM `entries` [0m
Rendering template within layouts/entries
Rendering entries/index
  [4;35;1mEntry Columns (2.3ms)[0m   [0mSHOW FIELDS FROM `entries`[0m
Completed in 72ms (View: 66, DB: 3) | 200 OK [http://localhost/entries]


Processing EntriesController#show (for 127.0.0.1 at 2009-05-11 19:24:47) [GET]
  Parameters: {"id"=>"442820205"}
  [4;36;1mSQL (0.1ms)[0m   [0;1mSET NAMES 'utf8'[0m
  [4;35;1mSQL (0.1ms)[0m   [0mSET SQL_AUTO_IS_NULL=0[0m
  [4;36;1mEntry Columns (2.3ms)[0m   [0;1mSHOW FIELDS FROM `entries`[0m
  [4;35;1mEntry Load (0.3ms)[0m   [0mSELECT * FROM `entries` WHERE (`entries`.`id` = 442820205) [0m
Rendering template within layouts/entries
Rendering entries/show
Completed in 13ms (View: 5, DB: 3) | 200 OK [http://localhost/entries/442820205]


Processing EntriesController#index (for 127.0.0.1 at 2009-05-11 19:24:49) [GET]
  [4;36;1mSQL (0.1ms)[0m   [0;1mSET NAMES 'utf8'[0m
  [4;35;1mSQL (0.1ms)[0m   [0mSET SQL_AUTO_IS_NULL=0[0m
  [4;36;1mEntry Load (0.2ms)[0m   [0;1mSELECT * FROM `entries` [0m
Rendering template within layouts/entries
Rendering entries/index
  [4;35;1mEntry Columns (2.5ms)[0m   [0mSHOW FIELDS FROM `entries`[0m
Completed in 15ms (View: 8, DB: 3) | 200 OK [http://localhost/entries]


Processing EntriesController#show (for 127.0.0.1 at 2009-05-11 19:24:51) [GET]
  Parameters: {"id"=>"953125641"}
  [4;36;1mSQL (0.1ms)[0m   [0;1mSET NAMES 'utf8'[0m
  [4;35;1mSQL (0.1ms)[0m   [0mSET SQL_AUTO_IS_NULL=0[0m
  [4;36;1mEntry Columns (1.9ms)[0m   [0;1mSHOW FIELDS FROM `entries`[0m
  [4;35;1mEntry Load (0.3ms)[0m   [0mSELECT * FROM `entries` WHERE (`entries`.`id` = 953125641) [0m
Rendering template within layouts/entries
Rendering entries/show
Completed in 11ms (View: 4, DB: 2) | 200 OK [http://localhost/entries/953125641]


Processing EntriesController#index (for 127.0.0.1 at 2009-05-11 19:24:53) [GET]
  [4;36;1mSQL (0.1ms)[0m   [0;1mSET NAMES 'utf8'[0m
  [4;35;1mSQL (0.1ms)[0m   [0mSET SQL_AUTO_IS_NULL=0[0m
  [4;36;1mEntry Load (0.4ms)[0m   [0;1mSELECT * FROM `entries` [0m
Rendering template within layouts/entries
Rendering entries/index
  [4;35;1mEntry Columns (2.4ms)[0m   [0mSHOW FIELDS FROM `entries`[0m
Completed in 15ms (View: 8, DB: 3) | 200 OK [http://localhost/entries]


Processing EntriesController#show (for 127.0.0.1 at 2009-05-11 19:24:55) [GET]
  Parameters: {"id"=>"996332877"}
  [4;36;1mSQL (0.1ms)[0m   [0;1mSET NAMES 'utf8'[0m
  [4;35;1mSQL (0.1ms)[0m   [0mSET SQL_AUTO_IS_NULL=0[0m
  [4;36;1mEntry Columns (2.1ms)[0m   [0;1mSHOW FIELDS FROM `entries`[0m
  [4;35;1mEntry Load (0.3ms)[0m   [0mSELECT * FROM `entries` WHERE (`entries`.`id` = 996332877) [0m
Rendering template within layouts/entries
Rendering entries/show
Completed in 12ms (View: 5, DB: 3) | 200 OK [http://localhost/entries/996332877]


Processing EntriesController#index (for 127.0.0.1 at 2009-05-11 19:24:57) [GET]
  [4;36;1mSQL (0.1ms)[0m   [0;1mSET NAMES 'utf8'[0m
  [4;35;1mSQL (0.1ms)[0m   [0mSET SQL_AUTO_IS_NULL=0[0m
  [4;36;1mEntry Load (0.2ms)[0m   [0;1mSELECT * FROM `entries` [0m
Rendering template within layouts/entries
Rendering entries/index
  [4;35;1mEntry Columns (2.4ms)[0m   [0mSHOW FIELDS FROM `entries`[0m
Completed in 14ms (View: 8, DB: 3) | 200 OK [http://localhost/entries]


Processing EntriesController#show (for 127.0.0.1 at 2009-05-11 19:24:59) [GET]
  Parameters: {"id"=>"953125641"}
  [4;36;1mSQL (0.3ms)[0m   [0;1mSET NAMES 'utf8'[0m
  [4;35;1mSQL (0.1ms)[0m   [0mSET SQL_AUTO_IS_NULL=0[0m
  [4;36;1mEntry Columns (2.1ms)[0m   [0;1mSHOW FIELDS FROM `entries`[0m
  [4;35;1mEntry Load (0.3ms)[0m   [0mSELECT * FROM `entries` WHERE (`entries`.`id` = 953125641) [0m
Rendering template within layouts/entries
Rendering entries/show
Completed in 11ms (View: 4, DB: 3) | 200 OK [http://localhost/entries/953125641]


Processing EntriesController#index (for 127.0.0.1 at 2009-05-11 19:25:01) [GET]
  [4;36;1mSQL (0.1ms)[0m   [0;1mSET NAMES 'utf8'[0m
  [4;35;1mSQL (0.1ms)[0m   [0mSET SQL_AUTO_IS_NULL=0[0m
  [4;36;1mEntry Load (0.2ms)[0m   [0;1mSELECT * FROM `entries` [0m
Rendering template within layouts/entries
Rendering entries/index
  [4;35;1mEntry Columns (2.5ms)[0m   [0mSHOW FIELDS FROM `entries`[0m
Completed in 15ms (View: 8, DB: 3) | 200 OK [http://localhost/entries]


Processing EntriesController#index (for 127.0.0.1 at 2009-05-11 19:25:36) [GET]
  [4;36;1mSQL (0.1ms)[0m   [0;1mSET NAMES 'utf8'[0m
  [4;35;1mSQL (0.1ms)[0m   [0mSET SQL_AUTO_IS_NULL=0[0m
  [4;36;1mEntry Load (0.3ms)[0m   [0;1mSELECT * FROM `entries` [0m
Rendering template within layouts/entries
Rendering entries/index
  [4;35;1mEntry Columns (2.2ms)[0m   [0mSHOW FIELDS FROM `entries`[0m
Completed in 14ms (View: 7, DB: 3) | 200 OK [http://localhost/entries]


Processing EntriesController#show (for 127.0.0.1 at 2009-05-11 19:25:47) [GET]
  Parameters: {"id"=>"442820205"}
  [4;36;1mSQL (0.1ms)[0m   [0;1mSET NAMES 'utf8'[0m
  [4;35;1mSQL (0.1ms)[0m   [0mSET SQL_AUTO_IS_NULL=0[0m
  [4;36;1mEntry Columns (4.1ms)[0m   [0;1mSHOW FIELDS FROM `entries`[0m
  [4;35;1mEntry Load (1.8ms)[0m   [0mSELECT * FROM `entries` WHERE (`entries`.`id` = 442820205) [0m
Rendering template within layouts/entries
Rendering entries/show
Completed in 16ms (View: 6, DB: 6) | 200 OK [http://localhost/entries/442820205]


Processing EntriesController#index (for 127.0.0.1 at 2009-05-11 19:25:48) [GET]
  [4;36;1mSQL (0.1ms)[0m   [0;1mSET NAMES 'utf8'[0m
  [4;35;1mSQL (0.1ms)[0m   [0mSET SQL_AUTO_IS_NULL=0[0m
  [4;36;1mEntry Load (0.2ms)[0m   [0;1mSELECT * FROM `entries` [0m
Rendering template within layouts/entries
Rendering entries/index
  [4;35;1mEntry Columns (2.3ms)[0m   [0mSHOW FIELDS FROM `entries`[0m
Completed in 14ms (View: 7, DB: 3) | 200 OK [http://localhost/entries]


Processing EntriesController#index (for 127.0.0.1 at 2009-05-11 19:26:18) [GET]
  [4;36;1mSQL (0.1ms)[0m   [0;1mSET NAMES 'utf8'[0m
  [4;35;1mSQL (2.1ms)[0m   [0mSET SQL_AUTO_IS_NULL=0[0m
  [4;36;1mEntry Load (0.3ms)[0m   [0;1mSELECT * FROM `entries` [0m
Rendering template within layouts/entries
Rendering entries/index
  [4;35;1mEntry Columns (2.1ms)[0m   [0mSHOW FIELDS FROM `entries`[0m
Completed in 16ms (View: 8, DB: 5) | 200 OK [http://localhost/entries]


Processing EntriesController#index (for 127.0.0.1 at 2009-05-11 19:26:26) [GET]
  [4;36;1mSQL (0.1ms)[0m   [0;1mSET NAMES 'utf8'[0m
  [4;35;1mSQL (0.1ms)[0m   [0mSET SQL_AUTO_IS_NULL=0[0m
  [4;36;1mEntry Load (0.3ms)[0m   [0;1mSELECT * FROM `entries` [0m
Rendering template within layouts/entries
Rendering entries/index
  [4;35;1mEntry Columns (1.7ms)[0m   [0mSHOW FIELDS FROM `entries`[0m
Completed in 13ms (View: 7, DB: 2) | 200 OK [http://localhost/entries]


Processing EntriesController#index (for 127.0.0.1 at 2009-05-11 19:34:17) [GET]
  [4;36;1mSQL (0.1ms)[0m   [0;1mSET NAMES 'utf8'[0m
  [4;35;1mSQL (0.1ms)[0m   [0mSET SQL_AUTO_IS_NULL=0[0m
  [4;36;1mEntry Load (0.2ms)[0m   [0;1mSELECT * FROM `entries` [0m
Rendering template within layouts/entries
Rendering entries/index
  [4;35;1mEntry Columns (2.2ms)[0m   [0mSHOW FIELDS FROM `entries`[0m
Completed in 14ms (View: 8, DB: 3) | 200 OK [http://localhost/entries]


Processing EntriesController#index (for 127.0.0.1 at 2009-05-11 19:35:19) [GET]
  [4;36;1mSQL (0.1ms)[0m   [0;1mSET NAMES 'utf8'[0m
  [4;35;1mSQL (0.1ms)[0m   [0mSET SQL_AUTO_IS_NULL=0[0m
  [4;36;1mEntry Load (0.3ms)[0m   [0;1mSELECT * FROM `entries` [0m
Rendering template within layouts/entries
Rendering entries/index
  [4;35;1mEntry Columns (2.2ms)[0m   [0mSHOW FIELDS FROM `entries`[0m
Completed in 14ms (View: 7, DB: 3) | 200 OK [http://localhost/entries]


Processing EntriesController#index (for 127.0.0.1 at 2009-05-11 19:35:56) [GET]
  [4;36;1mSQL (0.1ms)[0m   [0;1mSET NAMES 'utf8'[0m
  [4;35;1mSQL (0.1ms)[0m   [0mSET SQL_AUTO_IS_NULL=0[0m
  [4;36;1mEntry Load (0.3ms)[0m   [0;1mSELECT * FROM `entries` [0m
Rendering template within layouts/entries
Rendering entries/index
  [4;35;1mEntry Columns (2.8ms)[0m   [0mSHOW FIELDS FROM `entries`[0m
Completed in 14ms (View: 7, DB: 3) | 200 OK [http://localhost/entries]


Processing EntriesController#index (for 127.0.0.1 at 2009-05-11 19:36:41) [GET]
  [4;36;1mSQL (0.1ms)[0m   [0;1mSET NAMES 'utf8'[0m
  [4;35;1mSQL (0.1ms)[0m   [0mSET SQL_AUTO_IS_NULL=0[0m
  [4;36;1mEntry Load (0.2ms)[0m   [0;1mSELECT * FROM `entries` [0m
Rendering template within layouts/entries
Rendering entries/index
  [4;35;1mEntry Columns (2.4ms)[0m   [0mSHOW FIELDS FROM `entries`[0m
Completed in 14ms (View: 7, DB: 3) | 200 OK [http://localhost/entries]


Processing EntriesController#index (for 127.0.0.1 at 2009-05-11 19:36:49) [GET]
  [4;36;1mSQL (0.1ms)[0m   [0;1mSET NAMES 'utf8'[0m
  [4;35;1mSQL (0.1ms)[0m   [0mSET SQL_AUTO_IS_NULL=0[0m
  [4;36;1mEntry Load (0.2ms)[0m   [0;1mSELECT * FROM `entries` [0m
Rendering template within layouts/entries
Rendering entries/index
  [4;35;1mEntry Columns (2.4ms)[0m   [0mSHOW FIELDS FROM `entries`[0m
Completed in 14ms (View: 7, DB: 3) | 200 OK [http://localhost/entries]


Processing EntriesController#index (for 127.0.0.1 at 2009-05-11 19:37:32) [GET]
  [4;36;1mSQL (0.1ms)[0m   [0;1mSET NAMES 'utf8'[0m
  [4;35;1mSQL (0.1ms)[0m   [0mSET SQL_AUTO_IS_NULL=0[0m
  [4;36;1mEntry Load (0.2ms)[0m   [0;1mSELECT * FROM `entries` [0m
Rendering template within layouts/entries
Rendering entries/index
  [4;35;1mEntry Columns (2.3ms)[0m   [0mSHOW FIELDS FROM `entries`[0m
Completed in 14ms (View: 7, DB: 3) | 200 OK [http://localhost/entries]


Processing EntriesController#index (for 127.0.0.1 at 2009-05-11 19:37:48) [GET]
  [4;36;1mSQL (0.1ms)[0m   [0;1mSET NAMES 'utf8'[0m
  [4;35;1mSQL (0.1ms)[0m   [0mSET SQL_AUTO_IS_NULL=0[0m
  [4;36;1mEntry Load (0.3ms)[0m   [0;1mSELECT * FROM `entries` [0m
Rendering template within layouts/entries
Rendering entries/index
  [4;35;1mEntry Columns (2.1ms)[0m   [0mSHOW FIELDS FROM `entries`[0m
Completed in 15ms (View: 8, DB: 3) | 200 OK [http://localhost/entries]


Processing EntriesController#index (for 127.0.0.1 at 2009-05-11 19:38:11) [GET]
  [4;36;1mSQL (0.1ms)[0m   [0;1mSET NAMES 'utf8'[0m
  [4;35;1mSQL (0.1ms)[0m   [0mSET SQL_AUTO_IS_NULL=0[0m
  [4;36;1mEntry Load (0.3ms)[0m   [0;1mSELECT * FROM `entries` [0m
Rendering template within layouts/entries
Rendering entries/index
  [4;35;1mEntry Columns (2.0ms)[0m   [0mSHOW FIELDS FROM `entries`[0m
Completed in 13ms (View: 6, DB: 2) | 200 OK [http://localhost/entries]


Processing EntriesController#index (for 127.0.0.1 at 2009-05-11 19:38:27) [GET]
  [4;36;1mSQL (0.2ms)[0m   [0;1mSET NAMES 'utf8'[0m
  [4;35;1mSQL (0.1ms)[0m   [0mSET SQL_AUTO_IS_NULL=0[0m
  [4;36;1mEntry Load (0.3ms)[0m   [0;1mSELECT * FROM `entries` [0m
Rendering template within layouts/entries
Rendering entries/index
  [4;35;1mEntry Columns (1.8ms)[0m   [0mSHOW FIELDS FROM `entries`[0m
Completed in 13ms (View: 7, DB: 2) | 200 OK [http://localhost/entries]


Processing EntriesController#index (for 127.0.0.1 at 2009-05-11 19:38:32) [GET]
  [4;36;1mSQL (0.1ms)[0m   [0;1mSET NAMES 'utf8'[0m
  [4;35;1mSQL (0.1ms)[0m   [0mSET SQL_AUTO_IS_NULL=0[0m
  [4;36;1mEntry Load (0.2ms)[0m   [0;1mSELECT * FROM `entries` [0m
Rendering template within layouts/entries
Rendering entries/index
  [4;35;1mEntry Columns (1.7ms)[0m   [0mSHOW FIELDS FROM `entries`[0m
Completed in 12ms (View: 6, DB: 2) | 200 OK [http://localhost/entries]


Processing EntriesController#index (for 127.0.0.1 at 2009-05-11 19:38:46) [GET]
  [4;36;1mSQL (0.1ms)[0m   [0;1mSET NAMES 'utf8'[0m
  [4;35;1mSQL (0.1ms)[0m   [0mSET SQL_AUTO_IS_NULL=0[0m
  [4;36;1mEntry Load (0.6ms)[0m   [0;1mSELECT * FROM `entries` [0m
Rendering template within layouts/entries
Rendering entries/index
  [4;35;1mEntry Columns (2.3ms)[0m   [0mSHOW FIELDS FROM `entries`[0m
Completed in 19ms (View: 11, DB: 3) | 200 OK [http://localhost/entries]


Processing EntriesController#index (for 127.0.0.1 at 2009-05-11 19:38:55) [GET]
  [4;36;1mSQL (0.1ms)[0m   [0;1mSET NAMES 'utf8'[0m
  [4;35;1mSQL (0.1ms)[0m   [0mSET SQL_AUTO_IS_NULL=0[0m
  [4;36;1mEntry Load (0.3ms)[0m   [0;1mSELECT * FROM `entries` [0m
Rendering template within layouts/entries
Rendering entries/index
  [4;35;1mEntry Columns (2.3ms)[0m   [0mSHOW FIELDS FROM `entries`[0m
Completed in 14ms (View: 7, DB: 3) | 200 OK [http://localhost/entries]


Processing ApplicationController#index (for 127.0.0.1 at 2009-05-11 19:38:55) [GET]


ActionController::RoutingError (No route matches "/mk.atom" with {:method=>:get}):
    /usr/local/lib/ruby/gems/1.8/gems/actionpack-2.2.2/lib/action_controller/routing/recognition_optimisation.rb:66:in `recognize_path'
    /usr/local/lib/ruby/gems/1.8/gems/actionpack-2.2.2/lib/action_controller/routing/route_set.rb:386:in `recognize'
    /usr/local/lib/ruby/gems/1.8/gems/actionpack-2.2.2/lib/action_controller/dispatcher.rb:182:in `handle_request'
    /usr/local/lib/ruby/gems/1.8/gems/actionpack-2.2.2/lib/action_controller/dispatcher.rb:110:in `dispatch_unlocked'
    /usr/local/lib/ruby/gems/1.8/gems/actionpack-2.2.2/lib/action_controller/dispatcher.rb:123:in `dispatch'
    /usr/local/lib/ruby/gems/1.8/gems/actionpack-2.2.2/lib/action_controller/dispatcher.rb:122:in `synchronize'
    /usr/local/lib/ruby/gems/1.8/gems/actionpack-2.2.2/lib/action_controller/dispatcher.rb:122:in `dispatch'
    /usr/local/lib/ruby/gems/1.8/gems/actionpack-2.2.2/lib/action_controller/dispatcher.rb:132:in `dispatch_cgi'
    /usr/local/lib/ruby/gems/1.8/gems/actionpack-2.2.2/lib/action_controller/dispatcher.rb:39:in `dispatch'
    /usr/local/lib/ruby/gems/1.8/gems/mongrel-1.1.3/bin/../lib/mongrel/rails.rb:76:in `process'
    /usr/local/lib/ruby/gems/1.8/gems/mongrel-1.1.3/bin/../lib/mongrel/rails.rb:74:in `synchronize'
    /usr/local/lib/ruby/gems/1.8/gems/mongrel-1.1.3/bin/../lib/mongrel/rails.rb:74:in `process'
    /usr/local/lib/ruby/gems/1.8/gems/mongrel-1.1.3/lib/mongrel.rb:159:in `process_client'
    /usr/local/lib/ruby/gems/1.8/gems/mongrel-1.1.3/lib/mongrel.rb:158:in `each'
    /usr/local/lib/ruby/gems/1.8/gems/mongrel-1.1.3/lib/mongrel.rb:158:in `process_client'
    /usr/local/lib/ruby/gems/1.8/gems/mongrel-1.1.3/lib/mongrel.rb:285:in `run'
    /usr/local/lib/ruby/gems/1.8/gems/mongrel-1.1.3/lib/mongrel.rb:285:in `initialize'
    /usr/local/lib/ruby/gems/1.8/gems/mongrel-1.1.3/lib/mongrel.rb:285:in `new'
    /usr/local/lib/ruby/gems/1.8/gems/mongrel-1.1.3/lib/mongrel.rb:285:in `run'
    /usr/local/lib/ruby/gems/1.8/gems/mongrel-1.1.3/lib/mongrel.rb:268:in `initialize'
    /usr/local/lib/ruby/gems/1.8/gems/mongrel-1.1.3/lib/mongrel.rb:268:in `new'
    /usr/local/lib/ruby/gems/1.8/gems/mongrel-1.1.3/lib/mongrel.rb:268:in `run'
    /usr/local/lib/ruby/gems/1.8/gems/mongrel-1.1.3/lib/mongrel/configurator.rb:282:in `run'
    /usr/local/lib/ruby/gems/1.8/gems/mongrel-1.1.3/lib/mongrel/configurator.rb:281:in `each'
    /usr/local/lib/ruby/gems/1.8/gems/mongrel-1.1.3/lib/mongrel/configurator.rb:281:in `run'
    /usr/local/lib/ruby/gems/1.8/gems/mongrel-1.1.3/bin/mongrel_rails:128:in `run'
    /usr/local/lib/ruby/gems/1.8/gems/mongrel-1.1.3/lib/mongrel/command.rb:212:in `run'
    /usr/local/lib/ruby/gems/1.8/gems/mongrel-1.1.3/bin/mongrel_rails:281
    /Users/ghadir/.gem/ruby/1.8/gems/activesupport-2.2.2/lib/active_support/dependencies.rb:142:in `load_without_new_constant_marking'
    /Users/ghadir/.gem/ruby/1.8/gems/activesupport-2.2.2/lib/active_support/dependencies.rb:142:in `load'
    /Users/ghadir/.gem/ruby/1.8/gems/activesupport-2.2.2/lib/active_support/dependencies.rb:521:in `new_constants_in'
    /Users/ghadir/.gem/ruby/1.8/gems/activesupport-2.2.2/lib/active_support/dependencies.rb:142:in `load'
    /usr/local/lib/ruby/gems/1.8/gems/rails-2.2.2/lib/commands/servers/mongrel.rb:64
    /usr/local/lib/ruby/site_ruby/1.8/rubygems/custom_require.rb:31:in `gem_original_require'
    /usr/local/lib/ruby/site_ruby/1.8/rubygems/custom_require.rb:31:in `require'
    /Users/ghadir/.gem/ruby/1.8/gems/activesupport-2.2.2/lib/active_support/dependencies.rb:153:in `require'
    /Users/ghadir/.gem/ruby/1.8/gems/activesupport-2.2.2/lib/active_support/dependencies.rb:521:in `new_constants_in'
    /Users/ghadir/.gem/ruby/1.8/gems/activesupport-2.2.2/lib/active_support/dependencies.rb:153:in `require'
    /usr/local/lib/ruby/gems/1.8/gems/rails-2.2.2/lib/commands/server.rb:49
    /usr/local/lib/ruby/site_ruby/1.8/rubygems/custom_require.rb:31:in `gem_original_require'
    /usr/local/lib/ruby/site_ruby/1.8/rubygems/custom_require.rb:31:in `require'
    script/server:3

Rendering /usr/local/lib/ruby/gems/1.8/gems/actionpack-2.2.2/lib/action_controller/templates/rescues/layout.erb (not_found)


Processing EntriesController#index (for 127.0.0.1 at 2009-05-11 19:40:29) [GET]
  [4;36;1mSQL (0.1ms)[0m   [0;1mSET NAMES 'utf8'[0m
  [4;35;1mSQL (0.1ms)[0m   [0mSET SQL_AUTO_IS_NULL=0[0m
  [4;36;1mEntry Load (0.2ms)[0m   [0;1mSELECT * FROM `entries` [0m
Rendering template within layouts/entries
Rendering entries/index
  [4;35;1mEntry Columns (2.4ms)[0m   [0mSHOW FIELDS FROM `entries`[0m
Completed in 14ms (View: 8, DB: 3) | 200 OK [http://localhost/entries]


Processing EntriesController#index (for 127.0.0.1 at 2009-05-11 19:40:35) [GET]
  [4;36;1mSQL (0.1ms)[0m   [0;1mSET NAMES 'utf8'[0m
  [4;35;1mSQL (0.1ms)[0m   [0mSET SQL_AUTO_IS_NULL=0[0m
  [4;36;1mEntry Load (0.2ms)[0m   [0;1mSELECT * FROM `entries` [0m
Rendering template within layouts/entries
Rendering entries/index
  [4;35;1mEntry Columns (2.2ms)[0m   [0mSHOW FIELDS FROM `entries`[0m
Completed in 13ms (View: 7, DB: 3) | 200 OK [http://localhost/entries]


Processing EntriesController#show (for 127.0.0.1 at 2009-05-11 19:40:41) [GET]
  Parameters: {"id"=>"996332877"}
  [4;36;1mSQL (0.1ms)[0m   [0;1mSET NAMES 'utf8'[0m
  [4;35;1mSQL (0.1ms)[0m   [0mSET SQL_AUTO_IS_NULL=0[0m
  [4;36;1mEntry Columns (1.7ms)[0m   [0;1mSHOW FIELDS FROM `entries`[0m
  [4;35;1mEntry Load (0.7ms)[0m   [0mSELECT * FROM `entries` WHERE (`entries`.`id` = 996332877) [0m
Rendering template within layouts/entries
Rendering entries/show
Completed in 11ms (View: 4, DB: 3) | 200 OK [http://localhost/entries/996332877]


Processing EntriesController#show (for 127.0.0.1 at 2009-05-11 19:40:44) [GET]
  Parameters: {"id"=>"953125641"}
  [4;36;1mSQL (0.1ms)[0m   [0;1mSET NAMES 'utf8'[0m
  [4;35;1mSQL (0.1ms)[0m   [0mSET SQL_AUTO_IS_NULL=0[0m
  [4;36;1mEntry Columns (2.6ms)[0m   [0;1mSHOW FIELDS FROM `entries`[0m
  [4;35;1mEntry Load (0.5ms)[0m   [0mSELECT * FROM `entries` WHERE (`entries`.`id` = 953125641) [0m
Rendering template within layouts/entries
Rendering entries/show
Completed in 13ms (View: 5, DB: 3) | 200 OK [http://localhost/entries/953125641]


Processing EntriesController#index (for 127.0.0.1 at 2009-05-11 19:40:51) [GET]
  [4;36;1mSQL (0.1ms)[0m   [0;1mSET NAMES 'utf8'[0m
  [4;35;1mSQL (0.1ms)[0m   [0mSET SQL_AUTO_IS_NULL=0[0m
  [4;36;1mEntry Load (0.3ms)[0m   [0;1mSELECT * FROM `entries` [0m
Rendering template within layouts/entries
Rendering entries/index
  [4;35;1mEntry Columns (2.4ms)[0m   [0mSHOW FIELDS FROM `entries`[0m
Completed in 14ms (View: 7, DB: 3) | 200 OK [http://localhost/entries]


Processing EntriesController#index (for 127.0.0.1 at 2009-05-11 19:41:16) [GET]
  [4;36;1mSQL (0.1ms)[0m   [0;1mSET NAMES 'utf8'[0m
  [4;35;1mSQL (0.1ms)[0m   [0mSET SQL_AUTO_IS_NULL=0[0m
  [4;36;1mEntry Load (0.3ms)[0m   [0;1mSELECT * FROM `entries` [0m
Rendering template within layouts/entries
Rendering entries/index
  [4;35;1mEntry Columns (1.8ms)[0m   [0mSHOW FIELDS FROM `entries`[0m
Completed in 12ms (View: 6, DB: 2) | 200 OK [http://localhost/entries]


Processing EntriesController#show (for 127.0.0.1 at 2009-05-11 19:41:46) [GET]
  Parameters: {"id"=>"442820205"}
  [4;36;1mSQL (0.1ms)[0m   [0;1mSET NAMES 'utf8'[0m
  [4;35;1mSQL (0.1ms)[0m   [0mSET SQL_AUTO_IS_NULL=0[0m
  [4;36;1mEntry Columns (3.7ms)[0m   [0;1mSHOW FIELDS FROM `entries`[0m
  [4;35;1mEntry Load (0.2ms)[0m   [0mSELECT * FROM `entries` WHERE (`entries`.`id` = 442820205) [0m
Rendering template within layouts/entries
Rendering entries/show
Completed in 14ms (View: 4, DB: 4) | 200 OK [http://localhost/entries/442820205]


Processing EntriesController#index (for 127.0.0.1 at 2009-05-11 19:41:48) [GET]
  [4;36;1mSQL (0.1ms)[0m   [0;1mSET NAMES 'utf8'[0m
  [4;35;1mSQL (0.1ms)[0m   [0mSET SQL_AUTO_IS_NULL=0[0m
  [4;36;1mEntry Load (0.2ms)[0m   [0;1mSELECT * FROM `entries` [0m
Rendering template within layouts/entries
Rendering entries/index
  [4;35;1mEntry Columns (2.6ms)[0m   [0mSHOW FIELDS FROM `entries`[0m
Completed in 14ms (View: 8, DB: 3) | 200 OK [http://localhost/entries]


Processing EntriesController#index (for 127.0.0.1 at 2009-05-11 19:42:45) [GET]
  [4;36;1mSQL (0.1ms)[0m   [0;1mSET NAMES 'utf8'[0m
  [4;35;1mSQL (0.1ms)[0m   [0mSET SQL_AUTO_IS_NULL=0[0m
  [4;36;1mEntry Load (0.3ms)[0m   [0;1mSELECT * FROM `entries` [0m
Rendering template within layouts/entries
Rendering entries/index
  [4;35;1mEntry Columns (2.2ms)[0m   [0mSHOW FIELDS FROM `entries`[0m
Completed in 13ms (View: 6, DB: 3) | 200 OK [http://localhost/entries]


Processing EntriesController#index (for 127.0.0.1 at 2009-05-11 19:42:52) [GET]
  [4;36;1mSQL (0.1ms)[0m   [0;1mSET NAMES 'utf8'[0m
  [4;35;1mSQL (0.1ms)[0m   [0mSET SQL_AUTO_IS_NULL=0[0m
  [4;36;1mEntry Load (0.2ms)[0m   [0;1mSELECT * FROM `entries` [0m
Rendering template within layouts/entries
Rendering entries/index
  [4;35;1mEntry Columns (2.3ms)[0m   [0mSHOW FIELDS FROM `entries`[0m
Completed in 14ms (View: 7, DB: 3) | 200 OK [http://localhost/entries]


Processing EntriesController#index (for 127.0.0.1 at 2009-05-11 19:43:13) [GET]
  [4;36;1mSQL (0.1ms)[0m   [0;1mSET NAMES 'utf8'[0m
  [4;35;1mSQL (0.1ms)[0m   [0mSET SQL_AUTO_IS_NULL=0[0m
  [4;36;1mEntry Load (0.2ms)[0m   [0;1mSELECT * FROM `entries` [0m
Rendering template within layouts/entries
Rendering entries/index
  [4;35;1mEntry Columns (2.4ms)[0m   [0mSHOW FIELDS FROM `entries`[0m
Completed in 15ms (View: 9, DB: 3) | 200 OK [http://localhost/entries]


Processing EntriesController#index (for 127.0.0.1 at 2009-05-11 19:43:20) [GET]
  [4;36;1mSQL (0.1ms)[0m   [0;1mSET NAMES 'utf8'[0m
  [4;35;1mSQL (0.1ms)[0m   [0mSET SQL_AUTO_IS_NULL=0[0m
  [4;36;1mEntry Load (0.3ms)[0m   [0;1mSELECT * FROM `entries` [0m
Rendering template within layouts/entries
Rendering entries/index
  [4;35;1mEntry Columns (1.9ms)[0m   [0mSHOW FIELDS FROM `entries`[0m
Completed in 15ms (View: 8, DB: 2) | 200 OK [http://localhost/entries]


Processing EntriesController#index (for 127.0.0.1 at 2009-05-11 19:43:21) [GET]
  [4;36;1mSQL (0.1ms)[0m   [0;1mSET NAMES 'utf8'[0m
  [4;35;1mSQL (0.1ms)[0m   [0mSET SQL_AUTO_IS_NULL=0[0m
  [4;36;1mEntry Load (0.3ms)[0m   [0;1mSELECT * FROM `entries` [0m
Rendering template within layouts/entries
Rendering entries/index
  [4;35;1mEntry Columns (2.4ms)[0m   [0mSHOW FIELDS FROM `entries`[0m
Completed in 15ms (View: 7, DB: 3) | 200 OK [http://localhost/entries]


Processing EntriesController#edit (for 127.0.0.1 at 2009-05-11 19:43:28) [GET]
  Parameters: {"id"=>"442820205"}
  [4;36;1mSQL (0.1ms)[0m   [0;1mSET NAMES 'utf8'[0m
  [4;35;1mSQL (0.1ms)[0m   [0mSET SQL_AUTO_IS_NULL=0[0m
  [4;36;1mEntry Columns (2.6ms)[0m   [0;1mSHOW FIELDS FROM `entries`[0m
  [4;35;1mEntry Load (0.5ms)[0m   [0mSELECT * FROM `entries` WHERE (`entries`.`id` = 442820205) [0m
Rendering template within layouts/entries
Rendering entries/edit
Completed in 16ms (View: 8, DB: 3) | 200 OK [http://localhost/entries/442820205/edit]


Processing EntriesController#index (for 127.0.0.1 at 2009-05-11 19:43:31) [GET]
  [4;36;1mSQL (0.1ms)[0m   [0;1mSET NAMES 'utf8'[0m
  [4;35;1mSQL (0.1ms)[0m   [0mSET SQL_AUTO_IS_NULL=0[0m
  [4;36;1mEntry Load (0.3ms)[0m   [0;1mSELECT * FROM `entries` [0m
Rendering template within layouts/entries
Rendering entries/index
  [4;35;1mEntry Columns (1.5ms)[0m   [0mSHOW FIELDS FROM `entries`[0m
Completed in 12ms (View: 6, DB: 2) | 200 OK [http://localhost/entries]


Processing EntriesController#index (for 127.0.0.1 at 2009-05-11 19:49:40) [GET]
  [4;36;1mSQL (0.2ms)[0m   [0;1mSET NAMES 'utf8'[0m
  [4;35;1mSQL (0.1ms)[0m   [0mSET SQL_AUTO_IS_NULL=0[0m
  [4;36;1mEntry Load (0.3ms)[0m   [0;1mSELECT * FROM `entries` [0m
Rendering template within layouts/entries
Rendering entries/index
  [4;35;1mEntry Columns (55.6ms)[0m   [0mSHOW FIELDS FROM `entries`[0m
Completed in 92ms (View: 31, DB: 56) | 200 OK [http://localhost/entries]


Processing EntriesController#edit (for 127.0.0.1 at 2009-05-11 19:49:43) [GET]
  Parameters: {"id"=>"953125641"}
  [4;36;1mSQL (0.1ms)[0m   [0;1mSET NAMES 'utf8'[0m
  [4;35;1mSQL (0.1ms)[0m   [0mSET SQL_AUTO_IS_NULL=0[0m
  [4;36;1mEntry Columns (1.4ms)[0m   [0;1mSHOW FIELDS FROM `entries`[0m
  [4;35;1mEntry Load (0.3ms)[0m   [0mSELECT * FROM `entries` WHERE (`entries`.`id` = 953125641) [0m
Rendering template within layouts/entries
Rendering entries/edit
Completed in 13ms (View: 7, DB: 2) | 200 OK [http://localhost/entries/953125641/edit]


Processing EntriesController#index (for 127.0.0.1 at 2009-05-11 19:49:45) [GET]
  [4;36;1mSQL (0.1ms)[0m   [0;1mSET NAMES 'utf8'[0m
  [4;35;1mSQL (0.1ms)[0m   [0mSET SQL_AUTO_IS_NULL=0[0m
  [4;36;1mEntry Load (0.3ms)[0m   [0;1mSELECT * FROM `entries` [0m
Rendering template within layouts/entries
Rendering entries/index
  [4;35;1mEntry Columns (2.3ms)[0m   [0mSHOW FIELDS FROM `entries`[0m
Completed in 14ms (View: 7, DB: 3) | 200 OK [http://localhost/entries]


Processing EntriesController#new (for 127.0.0.1 at 2009-05-11 19:49:46) [GET]
  [4;36;1mSQL (0.1ms)[0m   [0;1mSET NAMES 'utf8'[0m
  [4;35;1mSQL (0.1ms)[0m   [0mSET SQL_AUTO_IS_NULL=0[0m
  [4;36;1mEntry Columns (2.3ms)[0m   [0;1mSHOW FIELDS FROM `entries`[0m
Rendering template within layouts/entries
Rendering entries/new
Completed in 14ms (View: 7, DB: 2) | 200 OK [http://localhost/entries/new]
